<?xml version="1.0" encoding="UTF-8"?>
  <testsuite tests="124" failures="1" time="2990.361137779">
      <testcase name="[k8s.io] Upgrade [Feature:Upgrade] [k8s.io] Federated clusters upgrade followed by FCP upgrade should maintain a functioning federation [Feature:FederatedClustersUpgradeFollowedByFCPUpgrade]" classname="Kubernetes e2e suite" time="0">
          <skipped></skipped>
      </testcase>
      <testcase name="[k8s.io] GKE node pools [Feature:GKENodePool] should create a cluster with multiple node pools [Feature:GKENodePool]" classname="Kubernetes e2e suite" time="0">
          <skipped></skipped>
      </testcase>
      <testcase name="[k8s.io] [sig-node] Security Context [Feature:SecurityContext] should support seccomp alpha unconfined annotation on the pod [Feature:Seccomp]" classname="Kubernetes e2e suite" time="0">
          <skipped></skipped>
      </testcase>
      <testcase name="[sig-autoscaling] DNS horizontal autoscaling [Serial] [Slow] kube-dns-autoscaler should scale kube-dns pods when cluster size changed" classname="Kubernetes e2e suite" time="0">
          <skipped></skipped>
      </testcase>
      <testcase name="[sig-apps] ReplicaSet should surface a failure condition on a common issue like exceeded quota" classname="Kubernetes e2e suite" time="0">
          <skipped></skipped>
      </testcase>
      <testcase name="[k8s.io] Federated Services [Feature:Federation] with clusters DNS non-local federated service [Slow] missing local service should never find DNS entries for a missing local service" classname="Kubernetes e2e suite" time="0">
          <skipped></skipped>
      </testcase>
      <testcase name="[sig-cli] Kubectl client [k8s.io] Kubectl cluster-info should check if Kubernetes master services is included in cluster-info [Conformance]" classname="Kubernetes e2e suite" time="0">
          <skipped></skipped>
      </testcase>
      <testcase name="[sig-storage] GCP Volumes NFSv3 should be mountable for NFSv3" classname="Kubernetes e2e suite" time="0">
          <skipped></skipped>
      </testcase>
      <testcase name="[sig-storage] [Serial] Volume metrics should create prometheus metrics for volume provisioning and attach/detach" classname="Kubernetes e2e suite" time="0">
          <skipped></skipped>
      </testcase>
      <testcase name="[sig-storage] Volume plugin streaming [Slow] GlusterFS should write files of various sizes, verify size, validate content" classname="Kubernetes e2e suite" time="0">
          <skipped></skipped>
      </testcase>
      <testcase name="[k8s.io] Downward API volume should provide node allocatable (memory) as default memory limit if the limit is not set [Conformance] [sig-storage]" classname="Kubernetes e2e suite" time="10.175586344"></testcase>
      <testcase name="[sig-storage] PersistentVolumes NFS with Single PV - PVC pairs create a PVC and a pre-bound PV: test write access" classname="Kubernetes e2e suite" time="0">
          <skipped></skipped>
      </testcase>
      <testcase name="[sig-apps] CronJob should delete successful finished jobs with limit of one successful job" classname="Kubernetes e2e suite" time="0">
          <skipped></skipped>
      </testcase>
      <testcase name="[k8s.io] EmptyDir volumes volume on default medium should have the correct mode [Conformance] [sig-storage]" classname="Kubernetes e2e suite" time="8.17464415"></testcase>
      <testcase name="[sig-cli] Kubectl Port forwarding [k8s.io] With a server listening on 0.0.0.0 [k8s.io] that expects a client request should support a client that connects, sends DATA, and disconnects" classname="Kubernetes e2e suite" time="0">
          <skipped></skipped>
      </testcase>
      <testcase name="[sig-autoscaling] [HPA] Horizontal pod autoscaling (scale resource: CPU) [sig-autoscaling] ReplicationController light Should scale from 1 pod to 2 pods" classname="Kubernetes e2e suite" time="0">
          <skipped></skipped>
      </testcase>
      <testcase name="[sig-api-machinery] Initializers [Feature:Initializers] don&#39;t cause replicaset controller creating extra pods if the initializer is not handled [Serial]" classname="Kubernetes e2e suite" time="0">
          <skipped></skipped>
      </testcase>
      <testcase name="[k8s.io] Multi-AZ Clusters should spread the pods of a replication controller across zones" classname="Kubernetes e2e suite" time="0">
          <skipped></skipped>
      </testcase>
      <testcase name="[k8s.io] Pods should have their auto-restart back-off timer reset on image update [Slow]" classname="Kubernetes e2e suite" time="0">
          <skipped></skipped>
      </testcase>
      <testcase name="[k8s.io] PrivilegedPod should enable privileged commands" classname="Kubernetes e2e suite" time="0">
          <skipped></skipped>
      </testcase>
      <testcase name="[sig-apps] StatefulSet [k8s.io] Basic StatefulSet functionality [StatefulSetBasic] should adopt matching orphans and release non-matching pods" classname="Kubernetes e2e suite" time="0">
          <skipped></skipped>
      </testcase>
      <testcase name="[sig-scalability] Load capacity [Feature:Performance] should be able to handle 30 pods per node { ReplicationController} with 0 secrets, 0 configmaps and 0 daemons" classname="Kubernetes e2e suite" time="0">
          <skipped></skipped>
      </testcase>
      <testcase name="[sig-storage] PersistentVolumes-local [Feature:LocalPersistentVolumes] [Serial] when two pods request one prebound PVC one after other should be able to mount volume, write from pod1, and read from pod2 using one-command containers" classname="Kubernetes e2e suite" time="0">
          <skipped></skipped>
      </testcase>
      <testcase name="[k8s.io] Sysctls should support sysctls" classname="Kubernetes e2e suite" time="0">
          <skipped></skipped>
      </testcase>
      <testcase name="[sig-instrumentation] Cluster level logging using Elasticsearch [Feature:Elasticsearch] should check that logs from containers are ingested into Elasticsearch" classname="Kubernetes e2e suite" time="0">
          <skipped></skipped>
      </testcase>
      <testcase name="[k8s.io] ResourceQuota should verify ResourceQuota with best effort scope." classname="Kubernetes e2e suite" time="0">
          <skipped></skipped>
      </testcase>
      <testcase name="[sig-storage] Volumes Azure Disk [Feature:Volumes] should be mountable [Slow]" classname="Kubernetes e2e suite" time="0">
          <skipped></skipped>
      </testcase>
      <testcase name="[sig-network] Loadbalancing: L7 GCE [Slow] [Feature:Ingress] should create ingress with given static-ip" classname="Kubernetes e2e suite" time="0">
          <skipped></skipped>
      </testcase>
      <testcase name="[sig-storage] Dynamic Provisioning DynamicProvisioner should test that deleting a claim before the volume is provisioned deletes the volume." classname="Kubernetes e2e suite" time="0">
          <skipped></skipped>
      </testcase>
      <testcase name="[k8s.io] Federated Services [Feature:Federation] with clusters Federated Service should not be deleted from underlying clusters when OrphanDependents is true" classname="Kubernetes e2e suite" time="0">
          <skipped></skipped>
      </testcase>
      <testcase name="[sig-network] Services should be able to change the type and ports of a service [Slow]" classname="Kubernetes e2e suite" time="0">
          <skipped></skipped>
      </testcase>
      <testcase name="[k8s.io] Kubernetes Dashboard should check that the kubernetes-dashboard instance is alive" classname="Kubernetes e2e suite" time="0">
          <skipped></skipped>
      </testcase>
      <testcase name="[k8s.io] Projected should update labels on modification [Conformance] [sig-storage]" classname="Kubernetes e2e suite" time="115.127995397"></testcase>
      <testcase name="[k8s.io] Downward API should provide default limits.cpu/memory from node allocatable [Conformance]" classname="Kubernetes e2e suite" time="10.198283652"></testcase>
      <testcase name="[k8s.io] Docker Containers should be able to override the image&#39;s default command and arguments [Conformance]" classname="Kubernetes e2e suite" time="10.183789823"></testcase>
      <testcase name="[k8s.io] Pods should support remote command execution over websockets" classname="Kubernetes e2e suite" time="0">
          <skipped></skipped>
      </testcase>
      <testcase name="[k8s.io] Docker Containers should be able to override the image&#39;s default arguments (docker cmd) [Conformance]" classname="Kubernetes e2e suite" time="8.191443852999999"></testcase>
      <testcase name="[sig-network] Proxy version v1 should proxy logs on node [Conformance]" classname="Kubernetes e2e suite" time="6.226331837"></testcase>
      <testcase name="[sig-network] Services should provide secure master service [Conformance]" classname="Kubernetes e2e suite" time="6.206541154"></testcase>
      <testcase name="[k8s.io] Federated types [Feature:Federation][Experimental]  Federated &#34;replicaset&#34; resources should be created, read, updated and deleted successfully" classname="Kubernetes e2e suite" time="0">
          <skipped></skipped>
      </testcase>
      <testcase name="[sig-autoscaling] [HPA] Horizontal pod autoscaling (scale resource: CPU) [sig-autoscaling] [Serial] [Slow] ReplicaSet Should scale from 5 pods to 3 pods and from 3 to 1" classname="Kubernetes e2e suite" time="0">
          <skipped></skipped>
      </testcase>
      <testcase name="[sig-cli] Kubectl client [k8s.io] Kubectl rolling-update should support rolling-update to same image [Conformance]" classname="Kubernetes e2e suite" time="0">
          <skipped></skipped>
      </testcase>
      <testcase name="[sig-apps] DisruptionController evictions: enough pods, replicaSet, percentage =&gt; should allow an eviction" classname="Kubernetes e2e suite" time="0">
          <skipped></skipped>
      </testcase>
      <testcase name="[sig-apps] Deployment RollingUpdateDeployment should delete old pods and create new ones" classname="Kubernetes e2e suite" time="0">
          <skipped></skipped>
      </testcase>
      <testcase name="[k8s.io] Cluster size autoscaler scalability [Slow] should scale down empty nodes [Feature:ClusterAutoscalerScalability3]" classname="Kubernetes e2e suite" time="0">
          <skipped></skipped>
      </testcase>
      <testcase name="[sig-storage] Pod Disks should schedule a pod w/two RW PDs both mounted to one container, write to PD, verify contents, delete pod, recreate pod, verify contents, and repeat in rapid succession [Slow]" classname="Kubernetes e2e suite" time="0">
          <skipped></skipped>
      </testcase>
      <testcase name="[k8s.io] Federated ReplicaSet [Feature:Federation] ReplicaSet objects [NoCluster] should be created and deleted successfully" classname="Kubernetes e2e suite" time="0">
          <skipped></skipped>
      </testcase>
      <testcase name="[sig-storage] PersistentVolumes [Feature:LabelSelector] [sig-storage] Selector-Label Volume Binding:vsphere should bind volume with claim for given label" classname="Kubernetes e2e suite" time="0">
          <skipped></skipped>
      </testcase>
      <testcase name="[sig-instrumentation] Logging soak [Performance] [Slow] [Disruptive] should survive logging 1KB every 1s seconds, for a duration of 2m0s, scaling up to 1 pods per node" classname="Kubernetes e2e suite" time="0">
          <skipped></skipped>
      </testcase>
      <testcase name="[k8s.io] Sysctls should reject invalid sysctls" classname="Kubernetes e2e suite" time="0">
          <skipped></skipped>
      </testcase>
      <testcase name="[k8s.io] Federation jobs [Feature:Federation] Federated Job should be deleted from underlying clusters when OrphanDependents is false" classname="Kubernetes e2e suite" time="0">
          <skipped></skipped>
      </testcase>
      <testcase name="[sig-cluster-lifecycle] Upgrade [Feature:Upgrade] node upgrade should maintain a functioning cluster [Feature:NodeUpgrade]" classname="Kubernetes e2e suite" time="0">
          <skipped></skipped>
      </testcase>
      <testcase name="[sig-network] Networking Granular Checks: Services [Slow] should function for pod-Service: http" classname="Kubernetes e2e suite" time="0">
          <skipped></skipped>
      </testcase>
      <testcase name="[sig-apps] StatefulSet [k8s.io] Basic StatefulSet functionality [StatefulSetBasic] should provide basic identity" classname="Kubernetes e2e suite" time="0">
          <skipped></skipped>
      </testcase>
      <testcase name="[k8s.io] ConfigMap should be consumable in multiple volumes in the same pod [Conformance] [sig-storage]" classname="Kubernetes e2e suite" time="8.175055075"></testcase>
      <testcase name="[k8s.io] Probing container should be restarted with a docker exec liveness probe with timeout [Conformance]" classname="Kubernetes e2e suite" time="6.156665588">
          <skipped></skipped>
      </testcase>
      <testcase name="[sig-cli] Kubectl client [k8s.io] Simple pod should support port-forward" classname="Kubernetes e2e suite" time="0">
          <skipped></skipped>
      </testcase>
      <testcase name="[sig-storage] Volumes vsphere [Feature:Volumes] should be mountable" classname="Kubernetes e2e suite" time="0">
          <skipped></skipped>
      </testcase>
      <testcase name="[k8s.io] Pod garbage collector [Feature:PodGarbageCollector] [Slow] should handle the creation of 1000 pods" classname="Kubernetes e2e suite" time="0">
          <skipped></skipped>
      </testcase>
      <testcase name="[k8s.io] [sig-apps] Network Partition [Disruptive] [Slow] [k8s.io] [StatefulSet] should not reschedule stateful pods if there is a network partition [Slow] [Disruptive]" classname="Kubernetes e2e suite" time="0">
          <skipped></skipped>
      </testcase>
      <testcase name="[sig-apps] Job should exceed active deadline" classname="Kubernetes e2e suite" time="0">
          <skipped></skipped>
      </testcase>
      <testcase name="[sig-cluster-lifecycle] [Feature:BootstrapTokens] should resign the bootstrap tokens when the clusterInfo ConfigMap updated [Serial][Disruptive]" classname="Kubernetes e2e suite" time="0">
          <skipped></skipped>
      </testcase>
      <testcase name="[sig-scalability] Density [Feature:ManualPerformance] should allow starting 100 pods per node using { ReplicationController} with 0 secrets, 0 configmaps and 0 daemons" classname="Kubernetes e2e suite" time="0">
          <skipped></skipped>
      </testcase>
      <testcase name="[sig-storage] vsphere Volume fstype verify disk format type - default value should be ext4" classname="Kubernetes e2e suite" time="0">
          <skipped></skipped>
      </testcase>
      <testcase name="[k8s.io] Probing container with readiness probe should not be ready before initial delay and never restart [Conformance]" classname="Kubernetes e2e suite" time="50.220880661"></testcase>
      <testcase name="[k8s.io] Downward API volume should provide podname as non-root with fsgroup and defaultMode [Feature:FSGroup] [sig-storage]" classname="Kubernetes e2e suite" time="0">
          <skipped></skipped>
      </testcase>
      <testcase name="[sig-autoscaling] Cluster size autoscaling [Slow] should increase cluster size if pending pods are small and there is another node pool that is not autoscaled [Feature:ClusterSizeAutoscalingScaleUp]" classname="Kubernetes e2e suite" time="0">
          <skipped></skipped>
      </testcase>
      <testcase name="[k8s.io] Upgrade [Feature:Upgrade] [k8s.io] Federated clusters upgrade should maintain a functioning federation [Feature:FederatedClustersUpgrade]" classname="Kubernetes e2e suite" time="0">
          <skipped></skipped>
      </testcase>
      <testcase name="[k8s.io] ConfigMap optional updates should be reflected in volume [Conformance] [sig-storage]" classname="Kubernetes e2e suite" time="116.651350998"></testcase>
      <testcase name="[sig-apps] StatefulSet [k8s.io] Basic StatefulSet functionality [StatefulSetBasic] should perform rolling updates and roll backs of template modifications" classname="Kubernetes e2e suite" time="0">
          <skipped></skipped>
      </testcase>
      <testcase name="[sig-cluster-lifecycle] Addon update should propagate add-on file changes [Slow]" classname="Kubernetes e2e suite" time="0">
          <skipped></skipped>
      </testcase>
      <testcase name="[sig-apps] Deployment iterative rollouts should eventually progress" classname="Kubernetes e2e suite" time="0">
          <skipped></skipped>
      </testcase>
      <testcase name="[sig-apps] StatefulSet [k8s.io] Basic StatefulSet functionality [StatefulSetBasic] Burst scaling should run to completion even with unhealthy pods" classname="Kubernetes e2e suite" time="0">
          <skipped></skipped>
      </testcase>
      <testcase name="[sig-auth] [Feature:NodeAuthorizer] Getting an existent secret should exit with the Forbidden error" classname="Kubernetes e2e suite" time="0">
          <skipped></skipped>
      </testcase>
      <testcase name="[sig-network] Services [Feature:GCEAlphaFeature][Slow] should be able to create and tear down a standard-tier load balancer [Slow]" classname="Kubernetes e2e suite" time="0">
          <skipped></skipped>
      </testcase>
      <testcase name="[sig-storage] Volumes CephFS [Feature:Volumes] should be mountable" classname="Kubernetes e2e suite" time="0">
          <skipped></skipped>
      </testcase>
      <testcase name="[k8s.io] ConfigMap should be consumable from pods in volume with mappings and Item mode set[Conformance] [sig-storage]" classname="Kubernetes e2e suite" time="8.184717175"></testcase>
      <testcase name="[k8s.io] GKE local SSD [Feature:GKELocalSSD] should write and read from node local SSD [Feature:GKELocalSSD]" classname="Kubernetes e2e suite" time="0">
          <skipped></skipped>
      </testcase>
      <testcase name="[sig-apps] ReplicationController should serve a basic image on each replica with a private image" classname="Kubernetes e2e suite" time="0">
          <skipped></skipped>
      </testcase>
      <testcase name="[k8s.io] InitContainer should not start app containers if init containers fail on a RestartAlways pod" classname="Kubernetes e2e suite" time="0">
          <skipped></skipped>
      </testcase>
      <testcase name="[sig-storage] Pod Disks should be able to delete a non-existent PD without error" classname="Kubernetes e2e suite" time="0">
          <skipped></skipped>
      </testcase>
      <testcase name="[sig-cluster-lifecycle] Upgrade [Feature:Upgrade] cluster upgrade should maintain a functioning cluster [Feature:ClusterUpgrade]" classname="Kubernetes e2e suite" time="0">
          <skipped></skipped>
      </testcase>
      <testcase name="[sig-network] NetworkPolicy should enforce policy based on Ports [Feature:NetworkPolicy]" classname="Kubernetes e2e suite" time="0">
          <skipped></skipped>
      </testcase>
      <testcase name="[sig-apps] Daemon set [Serial] Should adopt existing pods when creating a RollingUpdate DaemonSet regardless of templateGeneration" classname="Kubernetes e2e suite" time="0">
          <skipped></skipped>
      </testcase>
      <testcase name="[k8s.io] [sig-apps] Network Partition [Disruptive] [Slow] [k8s.io] [ReplicationController] should eagerly create replacement pod during network partition when termination grace is non-zero" classname="Kubernetes e2e suite" time="0">
          <skipped></skipped>
      </testcase>
      <testcase name="[k8s.io] Downward API volume should provide container&#39;s memory limit [Conformance] [sig-storage]" classname="Kubernetes e2e suite" time="8.18509137"></testcase>
      <testcase name="[sig-apps] ReplicaSet should serve a basic image on each replica with a public image [Conformance]" classname="Kubernetes e2e suite" time="16.220405409"></testcase>
      <testcase name="[k8s.io] Federated types [Feature:Federation][Experimental]  Federated &#34;secret&#34; resources should be created, read, updated and deleted successfully" classname="Kubernetes e2e suite" time="0">
          <skipped></skipped>
      </testcase>
      <testcase name="[k8s.io] ResourceQuota should create a ResourceQuota and capture the life of a persistent volume claim with a storage class. [sig-storage]" classname="Kubernetes e2e suite" time="0">
          <skipped></skipped>
      </testcase>
      <testcase name="[sig-apps] stateful Upgrade [Feature:StatefulUpgrade] [k8s.io] stateful upgrade should maintain a functioning cluster" classname="Kubernetes e2e suite" time="0">
          <skipped></skipped>
      </testcase>
      <testcase name="[k8s.io] Pods should get a host IP [Conformance]" classname="Kubernetes e2e suite" time="24.197372366"></testcase>
      <testcase name="[k8s.io] Federation namespace [Feature:Federation] Namespace objects deletes replicasets in the namespace when the namespace is deleted" classname="Kubernetes e2e suite" time="0">
          <skipped></skipped>
      </testcase>
      <testcase name="[k8s.io] [sig-node] Security Context [Feature:SecurityContext] should support seccomp default which is unconfined [Feature:Seccomp]" classname="Kubernetes e2e suite" time="0">
          <skipped></skipped>
      </testcase>
      <testcase name="[k8s.io] Federated Services [Feature:Federation] with clusters Federated Service should recreate service shard in underlying clusters when service shard is deleted" classname="Kubernetes e2e suite" time="0">
          <skipped></skipped>
      </testcase>
      <testcase name="[sig-network] Networking Granular Checks: Services [Slow] should function for node-Service: udp" classname="Kubernetes e2e suite" time="0">
          <skipped></skipped>
      </testcase>
      <testcase name="[sig-scheduling] SchedulerPredicates [Serial] validates that NodeAffinity is respected if not matching" classname="Kubernetes e2e suite" time="0">
          <skipped></skipped>
      </testcase>
      <testcase name="[k8s.io] Projected should be consumable from pods in volume as non-root with defaultMode and fsGroup set [Feature:FSGroup] [sig-storage]" classname="Kubernetes e2e suite" time="0">
          <skipped></skipped>
      </testcase>
      <testcase name="[sig-instrumentation] Monitoring should verify monitoring pods and all cluster nodes are available on influxdb using heapster." classname="Kubernetes e2e suite" time="0">
          <skipped></skipped>
      </testcase>
      <testcase name="[sig-storage] PersistentVolumes:vsphere should test that deleting the Namespace of a PVC and Pod causes the successful detach of vsphere volume" classname="Kubernetes e2e suite" time="0">
          <skipped></skipped>
      </testcase>
      <testcase name="[k8s.io] [sig-node] Security Context [Feature:SecurityContext] should support volume SELinux relabeling when using hostIPC" classname="Kubernetes e2e suite" time="0">
          <skipped></skipped>
      </testcase>
      <testcase name="[sig-cli] Kubectl client [k8s.io] Kubectl version should check is all data is printed [Conformance]" classname="Kubernetes e2e suite" time="0">
          <skipped></skipped>
      </testcase>
      <testcase name="[k8s.io] Federated ingresses [Feature:Federation] Federated Ingresses [NoCluster] should be created and deleted successfully" classname="Kubernetes e2e suite" time="0">
          <skipped></skipped>
      </testcase>
      <testcase name="[sig-apps] CronJob should not emit unexpected warnings" classname="Kubernetes e2e suite" time="0">
          <skipped></skipped>
      </testcase>
      <testcase name="[k8s.io] Variable Expansion should allow substituting values in a container&#39;s command [Conformance]" classname="Kubernetes e2e suite" time="10.175532888"></testcase>
      <testcase name="[k8s.io] [sig-node] Security Context [Feature:SecurityContext] should support pod.Spec.SecurityContext.RunAsUser" classname="Kubernetes e2e suite" time="0">
          <skipped></skipped>
      </testcase>
      <testcase name="[k8s.io] EmptyDir volumes should support (non-root,0644,tmpfs) [Conformance] [sig-storage]" classname="Kubernetes e2e suite" time="10.17822047"></testcase>
      <testcase name="[sig-storage] Volume Placement should create and delete pod with multiple volumes from same datastore" classname="Kubernetes e2e suite" time="0">
          <skipped></skipped>
      </testcase>
      <testcase name="[sig-storage] Volumes PD should be mountable with xfs" classname="Kubernetes e2e suite" time="0">
          <skipped></skipped>
      </testcase>
      <testcase name="[k8s.io] Projected should update annotations on modification [Conformance] [sig-storage]" classname="Kubernetes e2e suite" time="105.12020068"></testcase>
      <testcase name="[sig-network] Networking Granular Checks: Services [Slow] should update endpoints: udp" classname="Kubernetes e2e suite" time="0">
          <skipped></skipped>
      </testcase>
      <testcase name="[sig-storage] PersistentVolumes-local [Feature:LocalPersistentVolumes] [Serial] when two pods mount a local volume at the same time should be able to write from pod1 and read from pod2" classname="Kubernetes e2e suite" time="0">
          <skipped></skipped>
      </testcase>
      <testcase name="[sig-auth] ServiceAccounts should mount an API token into pods [Conformance]" classname="Kubernetes e2e suite" time="14.858678054"></testcase>
      <testcase name="[sig-network] Loadbalancing: L7 [Slow] Nginx should conform to Ingress spec" classname="Kubernetes e2e suite" time="0">
          <skipped></skipped>
      </testcase>
      <testcase name="[sig-cli] Kubectl client [k8s.io] Kubectl apply apply set/view last-applied" classname="Kubernetes e2e suite" time="0">
          <skipped></skipped>
      </testcase>
      <testcase name="[k8s.io] Federated ingresses [Feature:Federation] Federated Ingresses [Slow] should create and update matching ingresses in underlying clusters" classname="Kubernetes e2e suite" time="0">
          <skipped></skipped>
      </testcase>
      <testcase name="[sig-storage] vSphere Storage policy support for dynamic provisioning verify VSAN storage capability with invalid hostFailuresToTolerate value is not honored for dynamically provisioned pvc using storageclass" classname="Kubernetes e2e suite" time="0">
          <skipped></skipped>
      </testcase>
      <testcase name="[k8s.io] Downward API volume should update annotations on modification [Conformance] [sig-storage]" classname="Kubernetes e2e suite" time="101.049220628"></testcase>
      <testcase name="[k8s.io] [sig-apps] Network Partition [Disruptive] [Slow] [k8s.io] [StatefulSet] should come back up if node goes down [Slow] [Disruptive]" classname="Kubernetes e2e suite" time="0">
          <skipped></skipped>
      </testcase>
      <testcase name="[k8s.io] Projected should be consumable from pods in volume [Conformance] [sig-storage]" classname="Kubernetes e2e suite" time="8.238917374"></testcase>
      <testcase name="[sig-storage] Dynamic Provisioning DynamicProvisioner Default should create and delete default persistent volumes [Slow]" classname="Kubernetes e2e suite" time="0">
          <skipped></skipped>
      </testcase>
      <testcase name="[k8s.io] Secrets should be consumable from pods in env vars [Conformance]" classname="Kubernetes e2e suite" time="10.181938695"></testcase>
      <testcase name="[sig-network] Services should create endpoints for unready pods" classname="Kubernetes e2e suite" time="0">
          <skipped></skipped>
      </testcase>
      <testcase name="[sig-autoscaling] Cluster size autoscaling [Slow] should correctly scale down after a node is not needed and one node is broken [Feature:ClusterSizeAutoscalingScaleDown]" classname="Kubernetes e2e suite" time="0">
          <skipped></skipped>
      </testcase>
      <testcase name="[sig-auth] Certificates API should support building a client with a CSR" classname="Kubernetes e2e suite" time="0">
          <skipped></skipped>
      </testcase>
      <testcase name="[sig-cli] Kubectl client [k8s.io] Kubectl create quota should create a quota without scopes" classname="Kubernetes e2e suite" time="0">
          <skipped></skipped>
      </testcase>
      <testcase name="[k8s.io] Secrets should be consumable in multiple volumes in a pod [Conformance] [sig-storage]" classname="Kubernetes e2e suite" time="8.238614856"></testcase>
      <testcase name="[sig-storage] Volumes PD should be mountable with ext4" classname="Kubernetes e2e suite" time="0">
          <skipped></skipped>
      </testcase>
      <testcase name="[sig-network] NetworkPolicy should enforce policy based on PodSelector [Feature:NetworkPolicy]" classname="Kubernetes e2e suite" time="0">
          <skipped></skipped>
      </testcase>
      <testcase name="[sig-storage] Pod Disks Should schedule a pod w/ a RW PD, gracefully remove it, then schedule it on another host [Slow]" classname="Kubernetes e2e suite" time="0">
          <skipped></skipped>
      </testcase>
      <testcase name="[sig-network] Services should be able to change the type from ExternalName to NodePort" classname="Kubernetes e2e suite" time="0">
          <skipped></skipped>
      </testcase>
      <testcase name="[k8s.io] Projected should provide container&#39;s memory request [Conformance] [sig-storage]" classname="Kubernetes e2e suite" time="8.176159299"></testcase>
      <testcase name="[k8s.io] Federated ingresses [Feature:Federation] Federated Ingresses [Slow] Ingress connectivity and DNS should be able to connect to a federated ingress via its load balancer" classname="Kubernetes e2e suite" time="0">
          <skipped></skipped>
      </testcase>
      <testcase name="[k8s.io] ConfigMap should be consumable from pods in volume [Conformance] [sig-storage]" classname="Kubernetes e2e suite" time="8.227864668"></testcase>
      <testcase name="[k8s.io] LimitRange should create a LimitRange with defaults and ensure pod has those defaults applied." classname="Kubernetes e2e suite" time="0">
          <skipped></skipped>
      </testcase>
      <testcase name="[k8s.io] Pods Extended [k8s.io] Delete Grace Period should be submitted and removed [Conformance] [Flaky]" classname="Kubernetes e2e suite" time="0">
          <skipped></skipped>
      </testcase>
      <testcase name="[sig-network] Services should work after restarting kube-proxy [Disruptive]" classname="Kubernetes e2e suite" time="0">
          <skipped></skipped>
      </testcase>
      <testcase name="[sig-storage] vSphere Storage policy support for dynamic provisioning verify if a non-existing SPBM policy is not honored for dynamically provisioned pvc using storageclass" classname="Kubernetes e2e suite" time="0">
          <skipped></skipped>
      </testcase>
      <testcase name="[sig-network] Loadbalancing: L7 GCE [Slow] [Feature:Ingress] should conform to Ingress spec" classname="Kubernetes e2e suite" time="0">
          <skipped></skipped>
      </testcase>
      <testcase name="[sig-storage] EmptyDir wrapper volumes should not conflict" classname="Kubernetes e2e suite" time="0">
          <skipped></skipped>
      </testcase>
      <testcase name="[k8s.io] Projected should be able to mount in a volume regardless of a different secret existing with same name in different namespace [sig-storage]" classname="Kubernetes e2e suite" time="0">
          <skipped></skipped>
      </testcase>
      <testcase name="[sig-storage] vSphere Storage policy support for dynamic provisioning verify VSAN storage capability with valid diskStripes and objectSpaceReservation values and a VSAN datastore is honored for dynamically provisioned pvc using storageclass" classname="Kubernetes e2e suite" time="0">
          <skipped></skipped>
      </testcase>
      <testcase name="[k8s.io] HostPath should support subPath [sig-storage]" classname="Kubernetes e2e suite" time="0">
          <skipped></skipped>
      </testcase>
      <testcase name="[k8s.io] Projected should be consumable from pods in volume with mappings as non-root [Conformance] [sig-storage]" classname="Kubernetes e2e suite" time="8.176812511"></testcase>
      <testcase name="[sig-scheduling] SchedulerPredicates [Serial] validates that a pod with an invalid NodeAffinity is rejected" classname="Kubernetes e2e suite" time="0">
          <skipped></skipped>
      </testcase>
      <testcase name="[sig-apps] DisruptionController evictions: too few pods, absolute =&gt; should not allow an eviction" classname="Kubernetes e2e suite" time="0">
          <skipped></skipped>
      </testcase>
      <testcase name="[k8s.io] Projected should provide container&#39;s cpu limit [Conformance] [sig-storage]" classname="Kubernetes e2e suite" time="8.167697164"></testcase>
      <testcase name="[k8s.io] ResourceQuota [Feature:Initializers] should create a ResourceQuota and capture the life of an uninitialized pod." classname="Kubernetes e2e suite" time="0">
          <skipped></skipped>
      </testcase>
      <testcase name="[sig-storage] Volumes Cinder [Feature:Volumes] should be mountable" classname="Kubernetes e2e suite" time="0">
          <skipped></skipped>
      </testcase>
      <testcase name="[k8s.io] Projected should provide podname as non-root with fsgroup and defaultMode [Feature:FSGroup] [sig-storage]" classname="Kubernetes e2e suite" time="0">
          <skipped></skipped>
      </testcase>
      <testcase name="[sig-storage] Volume Disk Format verify disk format type - eagerzeroedthick is honored for dynamically provisioned pv using storageclass" classname="Kubernetes e2e suite" time="0">
          <skipped></skipped>
      </testcase>
      <testcase name="[sig-cli] Kubectl client [k8s.io] Kubectl create quota should reject quota with invalid scopes" classname="Kubernetes e2e suite" time="0">
          <skipped></skipped>
      </testcase>
      <testcase name="[sig-apps] Deployment deployment should delete old replica sets" classname="Kubernetes e2e suite" time="0">
          <skipped></skipped>
      </testcase>
      <testcase name="[sig-storage] Volumes Ceph RBD [Feature:Volumes] should be mountable" classname="Kubernetes e2e suite" time="0">
          <skipped></skipped>
      </testcase>
      <testcase name="[k8s.io] Pods should contain environment variables for services [Conformance]" classname="Kubernetes e2e suite" time="28.201004353"></testcase>
      <testcase name="[k8s.io] Federation apiserver [Feature:Federation] Cluster objects [Serial] should be created and deleted successfully" classname="Kubernetes e2e suite" time="0">
          <skipped></skipped>
      </testcase>
      <testcase name="[sig-storage] PersistentVolumes NFS with Single PV - PVC pairs create a PVC and non-pre-bound PV: test write access" classname="Kubernetes e2e suite" time="0">
          <skipped></skipped>
      </testcase>
      <testcase name="[k8s.io] [Feature:Example] [k8s.io] Secret should create a pod that reads a secret" classname="Kubernetes e2e suite" time="0">
          <skipped></skipped>
      </testcase>
      <testcase name="[sig-storage] Dynamic Provisioning DynamicProvisioner should provision storage with non-default reclaim policy Retain" classname="Kubernetes e2e suite" time="0">
          <skipped></skipped>
      </testcase>
      <testcase name="[sig-api-machinery] Generated clientset should create v1beta1 cronJobs, delete cronJobs, watch cronJobs" classname="Kubernetes e2e suite" time="0">
          <skipped></skipped>
      </testcase>
      <testcase name="[sig-cluster-lifecycle] [Feature:BootstrapTokens] should sign the new added bootstrap tokens" classname="Kubernetes e2e suite" time="0">
          <skipped></skipped>
      </testcase>
      <testcase name="[sig-storage] Volume plugin streaming [Slow] NFS should write files of various sizes, verify size, validate content" classname="Kubernetes e2e suite" time="0">
          <skipped></skipped>
      </testcase>
      <testcase name="[k8s.io] HostPath should give a volume the correct mode [Conformance] [sig-storage]" classname="Kubernetes e2e suite" time="8.376756545">
          <failure type="Failure">/go/src/k8s.io/kubernetes/_output/dockerized/go/src/k8s.io/kubernetes/test/e2e/common/host_path.go:56&#xA;Expected error:&#xA;    &lt;*errors.errorString | 0xc421594390&gt;: {&#xA;        s: &#34;expected \&#34;mode of file \\\&#34;/test-volume\\\&#34;: dtrwxrwxrwx\&#34; in container output: Expected\n    &lt;string&gt;: mount type of \&#34;/test-volume\&#34;: 61267\n    mode of file \&#34;/test-volume\&#34;: drwxrwx---\n    \nto contain substring\n    &lt;string&gt;: mode of file \&#34;/test-volume\&#34;: dtrwxrwxrwx&#34;,&#xA;    }&#xA;    expected &#34;mode of file \&#34;/test-volume\&#34;: dtrwxrwxrwx&#34; in container output: Expected&#xA;        &lt;string&gt;: mount type of &#34;/test-volume&#34;: 61267&#xA;        mode of file &#34;/test-volume&#34;: drwxrwx---&#xA;        &#xA;    to contain substring&#xA;        &lt;string&gt;: mode of file &#34;/test-volume&#34;: dtrwxrwxrwx&#xA;not to have occurred&#xA;/go/src/k8s.io/kubernetes/_output/dockerized/go/src/k8s.io/kubernetes/test/e2e/framework/util.go:2191</failure>
          <system-out>[BeforeEach] [k8s.io] HostPath&#xA;  /go/src/k8s.io/kubernetes/_output/dockerized/go/src/k8s.io/kubernetes/test/e2e/framework/framework.go:133&#xA;STEP: Creating a kubernetes client&#xA;Nov  9 17:47:50.390: INFO: &gt;&gt;&gt; kubeConfig: &#xA;STEP: Building a namespace api object&#xA;STEP: Waiting for a default service account to be provisioned in namespace&#xA;[BeforeEach] [k8s.io] HostPath&#xA;  /go/src/k8s.io/kubernetes/_output/dockerized/go/src/k8s.io/kubernetes/test/e2e/common/host_path.go:41&#xA;[It] should give a volume the correct mode [Conformance] [sig-storage]&#xA;  /go/src/k8s.io/kubernetes/_output/dockerized/go/src/k8s.io/kubernetes/test/e2e/common/host_path.go:56&#xA;STEP: Creating a pod to test hostPath mode&#xA;Nov  9 17:47:50.482: INFO: Waiting up to 5m0s for pod &#34;pod-host-path-test&#34; in namespace &#34;e2e-tests-hostpath-fdrjw&#34; to be &#34;success or failure&#34;&#xA;Nov  9 17:47:50.485: INFO: Pod &#34;pod-host-path-test&#34;: Phase=&#34;Pending&#34;, Reason=&#34;&#34;, readiness=false. Elapsed: 3.165583ms&#xA;Nov  9 17:47:52.488: INFO: Pod &#34;pod-host-path-test&#34;: Phase=&#34;Succeeded&#34;, Reason=&#34;&#34;, readiness=false. Elapsed: 2.005881216s&#xA;STEP: Saw pod success&#xA;Nov  9 17:47:52.488: INFO: Pod &#34;pod-host-path-test&#34; satisfied condition &#34;success or failure&#34;&#xA;Nov  9 17:47:52.490: INFO: Trying to get logs from node vm-2cba96de-a454-4c15-a04e-be4a63b81456 pod pod-host-path-test container test-container-1: &lt;nil&gt;&#xA;STEP: delete the pod&#xA;Nov  9 17:47:52.511: INFO: Waiting for pod pod-host-path-test to disappear&#xA;Nov  9 17:47:52.513: INFO: Pod pod-host-path-test no longer exists&#xA;Nov  9 17:47:52.513: INFO: Unexpected error occurred: expected &#34;mode of file \&#34;/test-volume\&#34;: dtrwxrwxrwx&#34; in container output: Expected&#xA;    &lt;string&gt;: mount type of &#34;/test-volume&#34;: 61267&#xA;    mode of file &#34;/test-volume&#34;: drwxrwx---&#xA;    &#xA;to contain substring&#xA;    &lt;string&gt;: mode of file &#34;/test-volume&#34;: dtrwxrwxrwx&#xA;[AfterEach] [k8s.io] HostPath&#xA;  /go/src/k8s.io/kubernetes/_output/dockerized/go/src/k8s.io/kubernetes/test/e2e/framework/framework.go:134&#xA;STEP: Collecting events from namespace &#34;e2e-tests-hostpath-fdrjw&#34;.&#xA;STEP: Found 9 events.&#xA;Nov  9 17:47:52.519: INFO: At 2017-11-09 17:47:50 +0000 UTC - event for pod-host-path-test: {default-scheduler } Scheduled: Successfully assigned pod-host-path-test to vm-2cba96de-a454-4c15-a04e-be4a63b81456&#xA;Nov  9 17:47:52.519: INFO: At 2017-11-09 17:47:50 +0000 UTC - event for pod-host-path-test: {kubelet vm-2cba96de-a454-4c15-a04e-be4a63b81456} SuccessfulMountVolume: MountVolume.SetUp succeeded for volume &#34;test-volume&#34; &#xA;Nov  9 17:47:52.519: INFO: At 2017-11-09 17:47:50 +0000 UTC - event for pod-host-path-test: {kubelet vm-2cba96de-a454-4c15-a04e-be4a63b81456} SuccessfulMountVolume: MountVolume.SetUp succeeded for volume &#34;default-token-ltrmb&#34; &#xA;Nov  9 17:47:52.519: INFO: At 2017-11-09 17:47:51 +0000 UTC - event for pod-host-path-test: {kubelet vm-2cba96de-a454-4c15-a04e-be4a63b81456} Pulled: Container image &#34;gcr.io/kubernetes-e2e-test-images/mounttest-amd64:1.0&#34; already present on machine&#xA;Nov  9 17:47:52.520: INFO: At 2017-11-09 17:47:51 +0000 UTC - event for pod-host-path-test: {kubelet vm-2cba96de-a454-4c15-a04e-be4a63b81456} Created: Created container&#xA;Nov  9 17:47:52.520: INFO: At 2017-11-09 17:47:51 +0000 UTC - event for pod-host-path-test: {kubelet vm-2cba96de-a454-4c15-a04e-be4a63b81456} Started: Started container&#xA;Nov  9 17:47:52.520: INFO: At 2017-11-09 17:47:51 +0000 UTC - event for pod-host-path-test: {kubelet vm-2cba96de-a454-4c15-a04e-be4a63b81456} Pulled: Container image &#34;gcr.io/kubernetes-e2e-test-images/mounttest-amd64:1.0&#34; already present on machine&#xA;Nov  9 17:47:52.520: INFO: At 2017-11-09 17:47:51 +0000 UTC - event for pod-host-path-test: {kubelet vm-2cba96de-a454-4c15-a04e-be4a63b81456} Created: Created container&#xA;Nov  9 17:47:52.520: INFO: At 2017-11-09 17:47:51 +0000 UTC - event for pod-host-path-test: {kubelet vm-2cba96de-a454-4c15-a04e-be4a63b81456} Started: Started container&#xA;Nov  9 17:47:52.529: INFO: POD                                    NODE                                     PHASE    GRACE  CONDITIONS&#xA;Nov  9 17:47:52.529: INFO: heapster-5cd77b4fcb-j5xpl              vm-431e1600-0d66-4fea-a4e6-fe972881e36c  Running         [{Initialized True 0001-01-01 00:00:00 +0000 UTC 2017-11-09 15:21:58 +0000 UTC  } {Ready True 0001-01-01 00:00:00 +0000 UTC 2017-11-09 15:21:59 +0000 UTC  } {PodScheduled True 0001-01-01 00:00:00 +0000 UTC 2017-11-09 15:21:58 +0000 UTC  }]&#xA;Nov  9 17:47:52.529: INFO: kube-dns-75fd9bbd78-4xbcr              vm-a1883808-1601-450b-b15f-713b2d879f26  Running         [{Initialized True 0001-01-01 00:00:00 +0000 UTC 2017-11-09 15:21:46 +0000 UTC  } {Ready True 0001-01-01 00:00:00 +0000 UTC 2017-11-09 15:21:57 +0000 UTC  } {PodScheduled True 0001-01-01 00:00:00 +0000 UTC 2017-11-09 15:21:46 +0000 UTC  }]&#xA;Nov  9 17:47:52.529: INFO: kubernetes-dashboard-66997998d6-qktxl  vm-a1883808-1601-450b-b15f-713b2d879f26  Running         [{Initialized True 0001-01-01 00:00:00 +0000 UTC 2017-11-09 15:22:01 +0000 UTC  } {Ready True 0001-01-01 00:00:00 +0000 UTC 2017-11-09 15:22:02 +0000 UTC  } {PodScheduled True 0001-01-01 00:00:00 +0000 UTC 2017-11-09 15:22:01 +0000 UTC  }]&#xA;Nov  9 17:47:52.529: INFO: monitoring-influxdb-679d8fc75c-6l5xq   vm-2cba96de-a454-4c15-a04e-be4a63b81456  Running         [{Initialized True 0001-01-01 00:00:00 +0000 UTC 2017-11-09 15:21:59 +0000 UTC  } {Ready True 0001-01-01 00:00:00 +0000 UTC 2017-11-09 15:22:00 +0000 UTC  } {PodScheduled True 0001-01-01 00:00:00 +0000 UTC 2017-11-09 15:21:59 +0000 UTC  }]&#xA;Nov  9 17:47:52.529: INFO: sonobuoy                               vm-431e1600-0d66-4fea-a4e6-fe972881e36c  Running         [{Initialized True 0001-01-01 00:00:00 +0000 UTC 2017-11-09 17:34:56 +0000 UTC  } {Ready True 0001-01-01 00:00:00 +0000 UTC 2017-11-09 17:35:10 +0000 UTC  } {PodScheduled True 0001-01-01 00:00:00 +0000 UTC 2017-11-09 17:34:56 +0000 UTC  }]&#xA;Nov  9 17:47:52.529: INFO: sonobuoy-e2e-job-31c7aee9cb8b42f0      vm-2cba96de-a454-4c15-a04e-be4a63b81456  Running         [{Initialized True 0001-01-01 00:00:00 +0000 UTC 2017-11-09 17:35:10 +0000 UTC  } {Ready True 0001-01-01 00:00:00 +0000 UTC 2017-11-09 17:35:31 +0000 UTC  } {PodScheduled True 0001-01-01 00:00:00 +0000 UTC 2017-11-09 17:35:10 +0000 UTC  }]&#xA;Nov  9 17:47:52.529: INFO: &#xA;Nov  9 17:47:52.532: INFO: &#xA;Logging node info for node vm-2cba96de-a454-4c15-a04e-be4a63b81456&#xA;Nov  9 17:47:52.535: INFO: Node Info: &amp;Node{ObjectMeta:k8s_io_apimachinery_pkg_apis_meta_v1.ObjectMeta{Name:vm-2cba96de-a454-4c15-a04e-be4a63b81456,GenerateName:,Namespace:,SelfLink:/api/v1/nodes/vm-2cba96de-a454-4c15-a04e-be4a63b81456,UID:3cfa09e8-c561-11e7-a968-005056b9e72c,ResourceVersion:13374,Generation:0,CreationTimestamp:2017-11-09 15:18:28 +0000 UTC,DeletionTimestamp:&lt;nil&gt;,DeletionGracePeriodSeconds:nil,Labels:map[string]string{beta.kubernetes.io/arch: amd64,beta.kubernetes.io/os: linux,kubernetes.io/hostname: 10.85.96.84,spec.ip: 10.85.96.84,},Annotations:map[string]string{node.alpha.kubernetes.io/ttl: 0,volumes.kubernetes.io/controller-managed-attach-detach: true,},OwnerReferences:[],Finalizers:[],ClusterName:,Initializers:nil,},Spec:NodeSpec{PodCIDR:10.200.1.0/24,ExternalID:/pizza-boxes-dc/vm/golem_vms/ea34d69f-1670-48e5-bdb6-4f154010d654/vm-2cba96de-a454-4c15-a04e-be4a63b81456,ProviderID:vsphere:///pizza-boxes-dc/vm/golem_vms/ea34d69f-1670-48e5-bdb6-4f154010d654/vm-2cba96de-a454-4c15-a04e-be4a63b81456,Unschedulable:false,Taints:[],ConfigSource:nil,},Status:NodeStatus{Capacity:ResourceList{cpu: {{4 0} {&lt;nil&gt;} 4 DecimalSI},memory: {{8371363840 0} {&lt;nil&gt;}  BinarySI},pods: {{110 0} {&lt;nil&gt;} 110 DecimalSI},},Allocatable:ResourceList{cpu: {{4 0} {&lt;nil&gt;} 4 DecimalSI},memory: {{8266506240 0} {&lt;nil&gt;}  BinarySI},pods: {{110 0} {&lt;nil&gt;} 110 DecimalSI},},Phase:,Conditions:[{OutOfDisk False 2017-11-09 17:47:52 +0000 UTC 2017-11-09 15:18:28 +0000 UTC KubeletHasSufficientDisk kubelet has sufficient disk space available} {MemoryPressure False 2017-11-09 17:47:52 +0000 UTC 2017-11-09 15:18:28 +0000 UTC KubeletHasSufficientMemory kubelet has sufficient memory available} {DiskPressure False 2017-11-09 17:47:52 +0000 UTC 2017-11-09 15:18:28 +0000 UTC KubeletHasNoDiskPressure kubelet has no disk pressure} {Ready True 2017-11-09 17:47:52 +0000 UTC 2017-11-09 15:18:28 +0000 UTC KubeletReady kubelet is posting ready status. AppArmor enabled}],Addresses:[{ExternalIP 10.85.96.84} {InternalIP 10.85.96.84} {Hostname 10.85.96.84}],DaemonEndpoints:NodeDaemonEndpoints{KubeletEndpoint:DaemonEndpoint{Port:10250,},},NodeInfo:NodeSystemInfo{MachineID:,SystemUUID:42398779-C59A-FC32-4A87-E111B20C9798,BootID:fdbd1cb8-88da-4dc4-9562-877e1da9dd32,KernelVersion:4.4.0-96-generic,OSImage:Ubuntu 14.04.5 LTS,ContainerRuntimeVersion:docker://1.11.0,KubeletVersion:v1.8.1,KubeProxyVersion:v1.8.1,OperatingSystem:linux,Architecture:amd64,},Images:[{[gcr.io/heptio-images/kube-conformance:v1.8] 499543572} {[gcr.io/heptio-images/sonobuoy:v0.9.0] 326230178} {[kubernetes/heapster_influxdb:v0.6] 271083718} {[gcr.io/google_containers/kubernetes-dashboard-amd64:v1.7.1] 128398274} {[gcr.io/google_containers/heapster:v1.1.0] 121861979} {[gcr.io/google_containers/k8s-dns-kube-dns-amd64:1.14.6] 50270465} {[gcr.io/google_containers/k8s-dns-sidecar-amd64:1.14.6] 42028742} {[gcr.io/google_containers/k8s-dns-dnsmasq-nanny-amd64:1.14.6] 40947480} {[gcr.io/kubernetes-e2e-test-images/mounttest-amd64:1.0] 1450451} {[gcr.io/google_containers/pause-amd64:3.0] 746888} {[gcr.io/google_containers/pause:latest] 239840}],VolumesInUse:[],VolumesAttached:[],},}&#xA;Nov  9 17:47:52.535: INFO: &#xA;Logging kubelet events for node vm-2cba96de-a454-4c15-a04e-be4a63b81456&#xA;Nov  9 17:47:52.538: INFO: &#xA;Logging pods the kubelet thinks is on node vm-2cba96de-a454-4c15-a04e-be4a63b81456&#xA;Nov  9 17:47:52.548: INFO: sonobuoy-e2e-job-31c7aee9cb8b42f0 started at 2017-11-09 17:35:10 +0000 UTC (0+2 container statuses recorded)&#xA;Nov  9 17:47:52.548: INFO: &#x9;Container e2e ready: true, restart count 0&#xA;Nov  9 17:47:52.548: INFO: &#x9;Container sonobuoy-worker ready: true, restart count 0&#xA;Nov  9 17:47:52.548: INFO: monitoring-influxdb-679d8fc75c-6l5xq started at 2017-11-09 15:21:59 +0000 UTC (0+1 container statuses recorded)&#xA;Nov  9 17:47:52.549: INFO: &#x9;Container influxdb ready: true, restart count 0&#xA;Nov  9 17:47:52.579: INFO: &#xA;Latency metrics for node vm-2cba96de-a454-4c15-a04e-be4a63b81456&#xA;Nov  9 17:47:52.579: INFO: &#xA;Logging node info for node vm-431e1600-0d66-4fea-a4e6-fe972881e36c&#xA;Nov  9 17:47:52.581: INFO: Node Info: &amp;Node{ObjectMeta:k8s_io_apimachinery_pkg_apis_meta_v1.ObjectMeta{Name:vm-431e1600-0d66-4fea-a4e6-fe972881e36c,GenerateName:,Namespace:,SelfLink:/api/v1/nodes/vm-431e1600-0d66-4fea-a4e6-fe972881e36c,UID:8a482880-c561-11e7-a968-005056b9e72c,ResourceVersion:13351,Generation:0,CreationTimestamp:2017-11-09 15:20:38 +0000 UTC,DeletionTimestamp:&lt;nil&gt;,DeletionGracePeriodSeconds:nil,Labels:map[string]string{beta.kubernetes.io/arch: amd64,beta.kubernetes.io/os: linux,kubernetes.io/hostname: 10.85.96.85,spec.ip: 10.85.96.85,},Annotations:map[string]string{node.alpha.kubernetes.io/ttl: 0,volumes.kubernetes.io/controller-managed-attach-detach: true,},OwnerReferences:[],Finalizers:[],ClusterName:,Initializers:nil,},Spec:NodeSpec{PodCIDR:10.200.2.0/24,ExternalID:/pizza-boxes-dc/vm/golem_vms/ea34d69f-1670-48e5-bdb6-4f154010d654/vm-431e1600-0d66-4fea-a4e6-fe972881e36c,ProviderID:vsphere:///pizza-boxes-dc/vm/golem_vms/ea34d69f-1670-48e5-bdb6-4f154010d654/vm-431e1600-0d66-4fea-a4e6-fe972881e36c,Unschedulable:false,Taints:[],ConfigSource:nil,},Status:NodeStatus{Capacity:ResourceList{cpu: {{4 0} {&lt;nil&gt;} 4 DecimalSI},memory: {{8371363840 0} {&lt;nil&gt;}  BinarySI},pods: {{110 0} {&lt;nil&gt;} 110 DecimalSI},},Allocatable:ResourceList{cpu: {{4 0} {&lt;nil&gt;} 4 DecimalSI},memory: {{8266506240 0} {&lt;nil&gt;}  BinarySI},pods: {{110 0} {&lt;nil&gt;} 110 DecimalSI},},Phase:,Conditions:[{OutOfDisk False 2017-11-09 17:47:49 +0000 UTC 2017-11-09 15:20:38 +0000 UTC KubeletHasSufficientDisk kubelet has sufficient disk space available} {MemoryPressure False 2017-11-09 17:47:49 +0000 UTC 2017-11-09 15:20:38 +0000 UTC KubeletHasSufficientMemory kubelet has sufficient memory available} {DiskPressure False 2017-11-09 17:47:49 +0000 UTC 2017-11-09 15:20:38 +0000 UTC KubeletHasNoDiskPressure kubelet has no disk pressure} {Ready True 2017-11-09 17:47:49 +0000 UTC 2017-11-09 15:20:38 +0000 UTC KubeletReady kubelet is posting ready status. AppArmor enabled}],Addresses:[{ExternalIP 10.85.96.85} {InternalIP 10.85.96.85} {Hostname 10.85.96.85}],DaemonEndpoints:NodeDaemonEndpoints{KubeletEndpoint:DaemonEndpoint{Port:10250,},},NodeInfo:NodeSystemInfo{MachineID:,SystemUUID:42399877-B922-D459-6678-D21781093E72,BootID:5fd3b46a-653c-438d-9973-58f99ac70887,KernelVersion:4.4.0-96-generic,OSImage:Ubuntu 14.04.5 LTS,ContainerRuntimeVersion:docker://1.11.0,KubeletVersion:v1.8.1,KubeProxyVersion:v1.8.1,OperatingSystem:linux,Architecture:amd64,},Images:[{[gcr.io/heptio-images/sonobuoy:v0.9.0] 326230178} {[kubernetes/heapster_influxdb:v0.6] 271083718} {[gcr.io/google_containers/kubernetes-dashboard-amd64:v1.7.1] 128398274} {[gcr.io/google_containers/heapster:v1.1.0] 121861979} {[gcr.io/google_containers/k8s-dns-kube-dns-amd64:1.14.6] 50270465} {[gcr.io/google_containers/k8s-dns-sidecar-amd64:1.14.6] 42028742} {[gcr.io/google_containers/k8s-dns-dnsmasq-nanny-amd64:1.14.6] 40947480} {[gcr.io/kubernetes-e2e-test-images/serve-hostname-amd64:1.0] 5470001} {[gcr.io/kubernetes-e2e-test-images/test-webserver-amd64:1.0] 4393904} {[gcr.io/kubernetes-e2e-test-images/entrypoint-tester-amd64:1.0] 2276578} {[gcr.io/kubernetes-e2e-test-images/mounttest-user-amd64:1.0] 1450451} {[gcr.io/kubernetes-e2e-test-images/mounttest-amd64:1.0] 1450451} {[busybox:latest] 1129289} {[gcr.io/google_containers/pause-amd64:3.0] 746888} {[gcr.io/google_containers/pause:latest] 239840}],VolumesInUse:[],VolumesAttached:[],},}&#xA;Nov  9 17:47:52.582: INFO: &#xA;Logging kubelet events for node vm-431e1600-0d66-4fea-a4e6-fe972881e36c&#xA;Nov  9 17:47:52.585: INFO: &#xA;Logging pods the kubelet thinks is on node vm-431e1600-0d66-4fea-a4e6-fe972881e36c&#xA;Nov  9 17:47:52.592: INFO: heapster-5cd77b4fcb-j5xpl started at 2017-11-09 15:21:58 +0000 UTC (0+1 container statuses recorded)&#xA;Nov  9 17:47:52.592: INFO: &#x9;Container heapster ready: true, restart count 0&#xA;Nov  9 17:47:52.592: INFO: sonobuoy started at 2017-11-09 17:34:56 +0000 UTC (0+1 container statuses recorded)&#xA;Nov  9 17:47:52.592: INFO: &#x9;Container kube-sonobuoy ready: true, restart count 0&#xA;Nov  9 17:47:52.614: INFO: &#xA;Latency metrics for node vm-431e1600-0d66-4fea-a4e6-fe972881e36c&#xA;Nov  9 17:47:52.614: INFO: &#xA;Logging node info for node vm-a1883808-1601-450b-b15f-713b2d879f26&#xA;Nov  9 17:47:52.616: INFO: Node Info: &amp;Node{ObjectMeta:k8s_io_apimachinery_pkg_apis_meta_v1.ObjectMeta{Name:vm-a1883808-1601-450b-b15f-713b2d879f26,GenerateName:,Namespace:,SelfLink:/api/v1/nodes/vm-a1883808-1601-450b-b15f-713b2d879f26,UID:e892b6b4-c560-11e7-90f6-005056b9d2fe,ResourceVersion:13352,Generation:0,CreationTimestamp:2017-11-09 15:16:06 +0000 UTC,DeletionTimestamp:&lt;nil&gt;,DeletionGracePeriodSeconds:nil,Labels:map[string]string{beta.kubernetes.io/arch: amd64,beta.kubernetes.io/os: linux,kubernetes.io/hostname: 10.85.96.83,spec.ip: 10.85.96.83,},Annotations:map[string]string{node.alpha.kubernetes.io/ttl: 0,volumes.kubernetes.io/controller-managed-attach-detach: true,},OwnerReferences:[],Finalizers:[],ClusterName:,Initializers:nil,},Spec:NodeSpec{PodCIDR:10.200.0.0/24,ExternalID:/pizza-boxes-dc/vm/golem_vms/ea34d69f-1670-48e5-bdb6-4f154010d654/vm-a1883808-1601-450b-b15f-713b2d879f26,ProviderID:vsphere:///pizza-boxes-dc/vm/golem_vms/ea34d69f-1670-48e5-bdb6-4f154010d654/vm-a1883808-1601-450b-b15f-713b2d879f26,Unschedulable:false,Taints:[],ConfigSource:nil,},Status:NodeStatus{Capacity:ResourceList{cpu: {{4 0} {&lt;nil&gt;} 4 DecimalSI},memory: {{8371363840 0} {&lt;nil&gt;}  BinarySI},pods: {{110 0} {&lt;nil&gt;} 110 DecimalSI},},Allocatable:ResourceList{cpu: {{4 0} {&lt;nil&gt;} 4 DecimalSI},memory: {{8266506240 0} {&lt;nil&gt;}  BinarySI},pods: {{110 0} {&lt;nil&gt;} 110 DecimalSI},},Phase:,Conditions:[{OutOfDisk False 2017-11-09 17:47:49 +0000 UTC 2017-11-09 15:16:06 +0000 UTC KubeletHasSufficientDisk kubelet has sufficient disk space available} {MemoryPressure False 2017-11-09 17:47:49 +0000 UTC 2017-11-09 15:16:06 +0000 UTC KubeletHasSufficientMemory kubelet has sufficient memory available} {DiskPressure False 2017-11-09 17:47:49 +0000 UTC 2017-11-09 15:16:06 +0000 UTC KubeletHasNoDiskPressure kubelet has no disk pressure} {Ready True 2017-11-09 17:47:49 +0000 UTC 2017-11-09 15:16:06 +0000 UTC KubeletReady kubelet is posting ready status. AppArmor enabled}],Addresses:[{ExternalIP 10.85.96.83} {InternalIP 10.85.96.83} {Hostname 10.85.96.83}],DaemonEndpoints:NodeDaemonEndpoints{KubeletEndpoint:DaemonEndpoint{Port:10250,},},NodeInfo:NodeSystemInfo{MachineID:,SystemUUID:423976E7-01E6-9C8A-BECD-6043A40217F6,BootID:fda625fd-1ae5-4f85-9df8-900df813ca59,KernelVersion:4.4.0-96-generic,OSImage:Ubuntu 14.04.5 LTS,ContainerRuntimeVersion:docker://1.11.0,KubeletVersion:v1.8.1,KubeProxyVersion:v1.8.1,OperatingSystem:linux,Architecture:amd64,},Images:[{[kubernetes/heapster_influxdb:v0.6] 271083718} {[gcr.io/google_containers/kubernetes-dashboard-amd64:v1.7.1] 128398274} {[gcr.io/google_containers/heapster:v1.1.0] 121861979} {[gcr.io/google_containers/k8s-dns-kube-dns-amd64:1.14.6] 50270465} {[gcr.io/google_containers/k8s-dns-sidecar-amd64:1.14.6] 42028742} {[gcr.io/google_containers/k8s-dns-dnsmasq-nanny-amd64:1.14.6] 40947480} {[gcr.io/kubernetes-e2e-test-images/mounttest-amd64:1.0] 1450451} {[gcr.io/google_containers/pause-amd64:3.0] 746888} {[gcr.io/google_containers/pause:latest] 239840}],VolumesInUse:[],VolumesAttached:[],},}&#xA;Nov  9 17:47:52.616: INFO: &#xA;Logging kubelet events for node vm-a1883808-1601-450b-b15f-713b2d879f26&#xA;Nov  9 17:47:52.618: INFO: &#xA;Logging pods the kubelet thinks is on node vm-a1883808-1601-450b-b15f-713b2d879f26&#xA;Nov  9 17:47:52.628: INFO: kubernetes-dashboard-66997998d6-qktxl started at 2017-11-09 15:22:01 +0000 UTC (0+1 container statuses recorded)&#xA;Nov  9 17:47:52.628: INFO: &#x9;Container kubernetes-dashboard ready: true, restart count 0&#xA;Nov  9 17:47:52.628: INFO: kube-dns-75fd9bbd78-4xbcr started at 2017-11-09 15:21:46 +0000 UTC (0+3 container statuses recorded)&#xA;Nov  9 17:47:52.628: INFO: &#x9;Container dnsmasq ready: true, restart count 0&#xA;Nov  9 17:47:52.628: INFO: &#x9;Container kubedns ready: true, restart count 0&#xA;Nov  9 17:47:52.628: INFO: &#x9;Container sidecar ready: true, restart count 0&#xA;Nov  9 17:47:52.648: INFO: &#xA;Latency metrics for node vm-a1883808-1601-450b-b15f-713b2d879f26&#xA;STEP: Dumping a list of prepulled images on each node to file /tmp/results/image-puller.txt&#xA;Nov  9 17:47:52.652: INFO: Waiting up to 3m0s for all (but 0) nodes to be ready&#xA;STEP: Destroying namespace &#34;e2e-tests-hostpath-fdrjw&#34; for this suite.&#xA;Nov  9 17:47:58.745: INFO: namespace: e2e-tests-hostpath-fdrjw, resource: bindings, ignored listing per whitelist&#xA;Nov  9 17:47:58.767: INFO: namespace e2e-tests-hostpath-fdrjw deletion completed in 6.110726305s&#xA;</system-out>
      </testcase>
      <testcase name="[sig-network] ServiceLoadBalancer [Feature:ServiceLoadBalancer] should support simple GET on Ingress ips" classname="Kubernetes e2e suite" time="0">
          <skipped></skipped>
      </testcase>
      <testcase name="[k8s.io] Federated ingresses [Feature:Federation] Federated Ingresses [Slow] Ingress connectivity and DNS should be able to discover a federated ingress service via DNS" classname="Kubernetes e2e suite" time="0">
          <skipped></skipped>
      </testcase>
      <testcase name="[sig-apps] CronJob should remove from active list jobs that have been deleted" classname="Kubernetes e2e suite" time="0">
          <skipped></skipped>
      </testcase>
      <testcase name="[sig-service-catalog] [Feature:PodPreset] PodPreset should not modify the pod on conflict" classname="Kubernetes e2e suite" time="0">
          <skipped></skipped>
      </testcase>
      <testcase name="[sig-scheduling] SchedulerPredicates [Serial] validates that NodeSelector is respected if matching [Conformance]" classname="Kubernetes e2e suite" time="86.31201446"></testcase>
      <testcase name="[sig-network] Services should check NodePort out-of-range" classname="Kubernetes e2e suite" time="0">
          <skipped></skipped>
      </testcase>
      <testcase name="[k8s.io] Cluster size autoscaler scalability [Slow] should scale up twice [Feature:ClusterAutoscalerScalability2]" classname="Kubernetes e2e suite" time="0">
          <skipped></skipped>
      </testcase>
      <testcase name="[k8s.io] Multi-AZ Clusters should schedule pods in the same zones as statically provisioned PVs" classname="Kubernetes e2e suite" time="0">
          <skipped></skipped>
      </testcase>
      <testcase name="[sig-apps] DisruptionController evictions: too few pods, replicaSet, percentage =&gt; should not allow an eviction" classname="Kubernetes e2e suite" time="0">
          <skipped></skipped>
      </testcase>
      <testcase name="[sig-autoscaling] [HPA] Horizontal pod autoscaling (scale resource: CPU) [sig-autoscaling] [Serial] [Slow] ReplicationController Should scale from 1 pod to 3 pods and from 3 to 5 and verify decision stability" classname="Kubernetes e2e suite" time="0">
          <skipped></skipped>
      </testcase>
      <testcase name="[sig-scheduling] [Feature:GPU] run Nvidia GPU tests on Container Optimized OS only" classname="Kubernetes e2e suite" time="0">
          <skipped></skipped>
      </testcase>
      <testcase name="[sig-autoscaling] [HPA] Horizontal pod autoscaling (scale resource: CPU) [sig-autoscaling] ReplicationController light Should scale from 2 pods to 1 pod" classname="Kubernetes e2e suite" time="0">
          <skipped></skipped>
      </testcase>
      <testcase name="[k8s.io] EmptyDir volumes when FSGroup is specified [Feature:FSGroup] nonexistent volume subPath should have the correct mode and owner using FSGroup [sig-storage]" classname="Kubernetes e2e suite" time="0">
          <skipped></skipped>
      </testcase>
      <testcase name="[k8s.io] [sig-node] Security Context [Feature:SecurityContext] should support seccomp alpha unconfined annotation on the container [Feature:Seccomp]" classname="Kubernetes e2e suite" time="0">
          <skipped></skipped>
      </testcase>
      <testcase name="[sig-network] Networking Granular Checks: Pods should function for intra-pod communication: udp [Conformance]" classname="Kubernetes e2e suite" time="44.744343436"></testcase>
      <testcase name="[sig-cluster-lifecycle] Reboot [Disruptive] [Feature:Reboot] each node by dropping all outbound packets for a while and ensure they function afterwards" classname="Kubernetes e2e suite" time="0">
          <skipped></skipped>
      </testcase>
      <testcase name="[sig-storage] PersistentVolumes:vsphere should test that deleting the PV before the pod does not cause pod deletion to fail on vspehre volume detach" classname="Kubernetes e2e suite" time="0">
          <skipped></skipped>
      </testcase>
      <testcase name="[sig-storage] PersistentVolumes GCEPD should test that deleting the Namespace of a PVC and Pod causes the successful detach of Persistent Disk" classname="Kubernetes e2e suite" time="0">
          <skipped></skipped>
      </testcase>
      <testcase name="[sig-storage] Volume Placement test back to back pod creation and deletion with different volume sources on the same worker node" classname="Kubernetes e2e suite" time="0">
          <skipped></skipped>
      </testcase>
      <testcase name="[k8s.io] Projected should project all components that make up the projection API [Conformance] [sig-storage] [Projection]" classname="Kubernetes e2e suite" time="10.198871596"></testcase>
      <testcase name="[k8s.io] [Feature:Example] [k8s.io] Hazelcast should create and scale hazelcast" classname="Kubernetes e2e suite" time="0">
          <skipped></skipped>
      </testcase>
      <testcase name="[k8s.io] Federated ingresses [Feature:Federation] Federated Ingresses [Slow] should be deleted from underlying clusters when OrphanDependents is false" classname="Kubernetes e2e suite" time="0">
          <skipped></skipped>
      </testcase>
      <testcase name="[sig-network] DNS should provide DNS for ExternalName services" classname="Kubernetes e2e suite" time="0">
          <skipped></skipped>
      </testcase>
      <testcase name="[k8s.io] [Feature:Example] [k8s.io] Liveness liveness pods should be automatically restarted" classname="Kubernetes e2e suite" time="0">
          <skipped></skipped>
      </testcase>
      <testcase name="[k8s.io] ResourceQuota should verify ResourceQuota with terminating scopes." classname="Kubernetes e2e suite" time="0">
          <skipped></skipped>
      </testcase>
      <testcase name="[sig-apps] Deployment deployment should support rollback" classname="Kubernetes e2e suite" time="0">
          <skipped></skipped>
      </testcase>
      <testcase name="[sig-apps] CronJob should schedule multiple jobs concurrently" classname="Kubernetes e2e suite" time="0">
          <skipped></skipped>
      </testcase>
      <testcase name="[k8s.io] Federated types [Feature:Federation][Experimental]  Federated &#34;namespace&#34; resources should be created, read, updated and deleted successfully" classname="Kubernetes e2e suite" time="0">
          <skipped></skipped>
      </testcase>
      <testcase name="[k8s.io] Federated types [Feature:Federation][Experimental]  Federated &#34;configmap&#34; resources should be created, read, updated and deleted successfully" classname="Kubernetes e2e suite" time="0">
          <skipped></skipped>
      </testcase>
      <testcase name="[sig-api-machinery] Servers with support for Table transformation should return generic metadata details across all namespaces for nodes" classname="Kubernetes e2e suite" time="0">
          <skipped></skipped>
      </testcase>
      <testcase name="[sig-apps] DisruptionController should create a PodDisruptionBudget" classname="Kubernetes e2e suite" time="0">
          <skipped></skipped>
      </testcase>
      <testcase name="[k8s.io] Events should be sent by kubelets and the scheduler about pods scheduling and running [Conformance]" classname="Kubernetes e2e suite" time="12.221055186"></testcase>
      <testcase name="[sig-apps] Job should run a job to completion when tasks sometimes fail and are not locally restarted" classname="Kubernetes e2e suite" time="0">
          <skipped></skipped>
      </testcase>
      <testcase name="[k8s.io] Federated types [Feature:Federation][Experimental]  Federated &#34;daemonset&#34; resources should be created, read, updated and deleted successfully" classname="Kubernetes e2e suite" time="0">
          <skipped></skipped>
      </testcase>
      <testcase name="[sig-instrumentation] MetricsGrabber should grab all metrics from API server." classname="Kubernetes e2e suite" time="0">
          <skipped></skipped>
      </testcase>
      <testcase name="[sig-cluster-lifecycle] etcd Upgrade [Feature:EtcdUpgrade] etcd upgrade should maintain a functioning cluster" classname="Kubernetes e2e suite" time="0">
          <skipped></skipped>
      </testcase>
      <testcase name="[sig-network] Networking Granular Checks: Services [Slow] should update endpoints: http" classname="Kubernetes e2e suite" time="0">
          <skipped></skipped>
      </testcase>
      <testcase name="[k8s.io] Projected should be consumable from pods in volume [Conformance] [sig-storage]" classname="Kubernetes e2e suite" time="8.185959384"></testcase>
      <testcase name="[k8s.io] Secrets should be consumable from pods in volume as non-root with defaultMode and fsGroup set [Conformance] [sig-storage]" classname="Kubernetes e2e suite" time="8.396269231"></testcase>
      <testcase name="[sig-cli] Kubectl client [k8s.io] Guestbook application should create and stop a working application [Conformance]" classname="Kubernetes e2e suite" time="0">
          <skipped></skipped>
      </testcase>
      <testcase name="[sig-storage] GCP Volumes NFSv4 should be mountable for NFSv4" classname="Kubernetes e2e suite" time="0">
          <skipped></skipped>
      </testcase>
      <testcase name="[k8s.io] [Feature:Example] [k8s.io] Redis should create and stop redis servers" classname="Kubernetes e2e suite" time="0">
          <skipped></skipped>
      </testcase>
      <testcase name="[sig-network] Proxy version v1 should proxy logs on node using proxy subresource [Conformance]" classname="Kubernetes e2e suite" time="6.19442739"></testcase>
      <testcase name="[k8s.io] [sig-apps] Network Partition [Disruptive] [Slow] [k8s.io] Pods should return to running and ready state after network partition is healed All pods on the unreachable node should be marked as NotReady upon the node turn NotReady AND all pods should be mark back to Ready when the node get back to Ready before pod eviction timeout" classname="Kubernetes e2e suite" time="0">
          <skipped></skipped>
      </testcase>
      <testcase name="[sig-cli] Kubectl client [k8s.io] Kubectl run CronJob should create a CronJob" classname="Kubernetes e2e suite" time="0">
          <skipped></skipped>
      </testcase>
      <testcase name="[k8s.io] Federated Services [Feature:Federation] with clusters Federated Service should create and update matching services in underlying clusters" classname="Kubernetes e2e suite" time="0">
          <skipped></skipped>
      </testcase>
      <testcase name="[k8s.io] Projected optional updates should be reflected in volume [Conformance] [sig-storage]" classname="Kubernetes e2e suite" time="26.315511821"></testcase>
      <testcase name="[k8s.io] Projected should provide container&#39;s memory limit [Conformance] [sig-storage]" classname="Kubernetes e2e suite" time="8.187266184"></testcase>
      <testcase name="[sig-storage] PersistentVolumes:vsphere should test that a vspehre volume mounted to a pod that is deleted while the kubelet is down unmounts when the kubelet returns [Disruptive]" classname="Kubernetes e2e suite" time="0">
          <skipped></skipped>
      </testcase>
      <testcase name="[sig-scalability] Load capacity [Feature:ManualPerformance] should be able to handle 3 pods per node { ReplicationController} with 0 secrets, 0 configmaps and 0 daemons" classname="Kubernetes e2e suite" time="0">
          <skipped></skipped>
      </testcase>
      <testcase name="[sig-storage] vSphere Storage policy support for dynamic provisioning verify VSAN storage capability with invalid diskStripes value is not honored for dynamically provisioned pvc using storageclass" classname="Kubernetes e2e suite" time="0">
          <skipped></skipped>
      </testcase>
      <testcase name="[k8s.io] Pods should allow activeDeadlineSeconds to be updated [Conformance]" classname="Kubernetes e2e suite" time="14.672745715"></testcase>
      <testcase name="[sig-storage] vSphere Storage policy support for dynamic provisioning verify if a SPBM policy is not honored on a non-compatible datastore for dynamically provisioned pvc using storageclass" classname="Kubernetes e2e suite" time="0">
          <skipped></skipped>
      </testcase>
      <testcase name="[sig-apps] Deployment deployment reaping should cascade to its replica sets and pods" classname="Kubernetes e2e suite" time="0">
          <skipped></skipped>
      </testcase>
      <testcase name="[sig-scalability] Load capacity [Feature:ManualPerformance] should be able to handle 30 pods per node { ReplicationController} with 0 secrets, 0 configmaps and 2 daemons" classname="Kubernetes e2e suite" time="0">
          <skipped></skipped>
      </testcase>
      <testcase name="[sig-scalability] Density [Feature:ManualPerformance] should allow starting 30 pods per node using {extensions Deployment} with 0 secrets, 0 configmaps and 0 daemons" classname="Kubernetes e2e suite" time="0">
          <skipped></skipped>
      </testcase>
      <testcase name="[sig-cli] Kubectl alpha client [k8s.io] Kubectl run CronJob should create a CronJob" classname="Kubernetes e2e suite" time="0">
          <skipped></skipped>
      </testcase>
      <testcase name="[k8s.io] ConfigMap should be consumable from pods in volume with mappings [Conformance] [sig-storage]" classname="Kubernetes e2e suite" time="8.241985094"></testcase>
      <testcase name="[sig-scalability] Density [Feature:ManualPerformance] should allow starting 30 pods per node using {batch Job} with 0 secrets, 0 configmaps and 0 daemons" classname="Kubernetes e2e suite" time="0">
          <skipped></skipped>
      </testcase>
      <testcase name="[sig-network] Services should only allow access from service loadbalancer source ranges [Slow]" classname="Kubernetes e2e suite" time="0">
          <skipped></skipped>
      </testcase>
      <testcase name="[sig-auth] [Feature:NodeAuthorizer] Getting a non-existent secret should exit with the Forbidden error, not a NotFound error" classname="Kubernetes e2e suite" time="0">
          <skipped></skipped>
      </testcase>
      <testcase name="[k8s.io] Pods Extended [k8s.io] Pods Set QOS Class should be submitted and removed [Conformance]" classname="Kubernetes e2e suite" time="38.164584214"></testcase>
      <testcase name="[sig-api-machinery] Namespaces [Serial] should ensure that all pods are removed when a namespace is deleted." classname="Kubernetes e2e suite" time="0">
          <skipped></skipped>
      </testcase>
      <testcase name="[k8s.io] Projected should be consumable from pods in volume as non-root with FSGroup [Feature:FSGroup] [sig-storage]" classname="Kubernetes e2e suite" time="0">
          <skipped></skipped>
      </testcase>
      <testcase name="[k8s.io] Federation jobs [Feature:Federation] Federated Job should not be deleted from underlying clusters when OrphanDependents is true" classname="Kubernetes e2e suite" time="0">
          <skipped></skipped>
      </testcase>
      <testcase name="[sig-storage] vsphere Volume fstype verify fstype - ext3 formatted volume" classname="Kubernetes e2e suite" time="0">
          <skipped></skipped>
      </testcase>
      <testcase name="[sig-cli] Kubectl client [k8s.io] Simple pod should handle in-cluster config" classname="Kubernetes e2e suite" time="0">
          <skipped></skipped>
      </testcase>
      <testcase name="[sig-apps] Deployment lack of progress should be reported in the deployment status" classname="Kubernetes e2e suite" time="0">
          <skipped></skipped>
      </testcase>
      <testcase name="[k8s.io] Pods should support retrieving logs from the container over websockets" classname="Kubernetes e2e suite" time="0">
          <skipped></skipped>
      </testcase>
      <testcase name="[sig-cli] Kubectl client [k8s.io] Kubectl api-versions should check if v1 is in available api versions [Conformance]" classname="Kubernetes e2e suite" time="0">
          <skipped></skipped>
      </testcase>
      <testcase name="[sig-network] ESIPP [Slow] should work from pods" classname="Kubernetes e2e suite" time="0">
          <skipped></skipped>
      </testcase>
      <testcase name="[sig-scalability] Density [Feature:ManualPerformance] should allow starting 30 pods per node using {extensions Deployment} with 0 secrets, 2 configmaps and 0 daemons" classname="Kubernetes e2e suite" time="0">
          <skipped></skipped>
      </testcase>
      <testcase name="[k8s.io] ResourceQuota should create a ResourceQuota and capture the life of a pod." classname="Kubernetes e2e suite" time="0">
          <skipped></skipped>
      </testcase>
      <testcase name="[sig-network] Services should be able to up and down services" classname="Kubernetes e2e suite" time="0">
          <skipped></skipped>
      </testcase>
      <testcase name="[sig-storage] PersistentVolumes [Feature:ReclaimPolicy] [sig-storage] persistentvolumereclaim:vsphere should delete persistent volume when reclaimPolicy set to delete and associated claim is deleted" classname="Kubernetes e2e suite" time="0">
          <skipped></skipped>
      </testcase>
      <testcase name="[k8s.io] Projected should set DefaultMode on files [Conformance] [sig-storage]" classname="Kubernetes e2e suite" time="8.240878231"></testcase>
      <testcase name="[k8s.io] ConfigMap should be consumable from pods in volume with mappings as non-root with FSGroup [Feature:FSGroup] [sig-storage]" classname="Kubernetes e2e suite" time="0">
          <skipped></skipped>
      </testcase>
      <testcase name="[sig-scalability] Density [Feature:Performance] should allow starting 30 pods per node using { ReplicationController} with 0 secrets, 0 configmaps and 0 daemons" classname="Kubernetes e2e suite" time="0">
          <skipped></skipped>
      </testcase>
      <testcase name="[sig-apps] Job should run a job to completion when tasks succeed" classname="Kubernetes e2e suite" time="0">
          <skipped></skipped>
      </testcase>
      <testcase name="[k8s.io] SSH should SSH to all nodes and run commands" classname="Kubernetes e2e suite" time="0">
          <skipped></skipped>
      </testcase>
      <testcase name="[sig-cluster-lifecycle] Reboot [Disruptive] [Feature:Reboot] each node by ordering clean reboot and ensure they function upon restart" classname="Kubernetes e2e suite" time="0">
          <skipped></skipped>
      </testcase>
      <testcase name="[k8s.io] ResourceQuota should create a ResourceQuota and capture the life of a configMap." classname="Kubernetes e2e suite" time="0">
          <skipped></skipped>
      </testcase>
      <testcase name="[sig-storage] PersistentVolumes-local [Feature:LocalPersistentVolumes] [Serial] when two pods mount a local volume one after the other should be able to write from pod1 and read from pod2" classname="Kubernetes e2e suite" time="0">
          <skipped></skipped>
      </testcase>
      <testcase name="[k8s.io] Projected should provide podname only [Conformance] [sig-storage]" classname="Kubernetes e2e suite" time="8.168206387"></testcase>
      <testcase name="[sig-cluster-lifecycle] Reboot [Disruptive] [Feature:Reboot] each node by dropping all inbound packets for a while and ensure they function afterwards" classname="Kubernetes e2e suite" time="0">
          <skipped></skipped>
      </testcase>
      <testcase name="[sig-cli] Kubectl client [k8s.io] Update Demo should create and stop a replication controller [Conformance]" classname="Kubernetes e2e suite" time="0">
          <skipped></skipped>
      </testcase>
      <testcase name="[k8s.io] [sig-node] Kubelet [Serial] [Slow] [k8s.io] [sig-node] experimental resource usage tracking [Feature:ExperimentalResourceUsageTracking] resource tracking for 100 pods per node" classname="Kubernetes e2e suite" time="0">
          <skipped></skipped>
      </testcase>
      <testcase name="[sig-cluster-lifecycle] HA-master [Feature:HAMaster] survive addition/removal replicas multizone workers [Serial][Disruptive]" classname="Kubernetes e2e suite" time="0">
          <skipped></skipped>
      </testcase>
      <testcase name="[sig-storage] Dynamic Provisioning DynamicProvisioner should provision storage with mount options" classname="Kubernetes e2e suite" time="0">
          <skipped></skipped>
      </testcase>
      <testcase name="[sig-storage] Dynamic Provisioning DynamicProvisioner Default should be disabled by changing the default annotation[Slow] [Serial] [Disruptive]" classname="Kubernetes e2e suite" time="0">
          <skipped></skipped>
      </testcase>
      <testcase name="[sig-scheduling] SchedulerPriorities [Serial] Pod should perfer to scheduled to nodes pod can tolerate" classname="Kubernetes e2e suite" time="0">
          <skipped></skipped>
      </testcase>
      <testcase name="[k8s.io] Projected should be consumable from pods in volume as non-root [Conformance] [sig-storage]" classname="Kubernetes e2e suite" time="8.189470641"></testcase>
      <testcase name="[k8s.io] EmptyDir volumes should support (non-root,0666,default) [Conformance] [sig-storage]" classname="Kubernetes e2e suite" time="8.187902732"></testcase>
      <testcase name="[k8s.io] EmptyDir volumes when FSGroup is specified [Feature:FSGroup] volume on default medium should have the correct mode using FSGroup [sig-storage]" classname="Kubernetes e2e suite" time="0">
          <skipped></skipped>
      </testcase>
      <testcase name="[sig-autoscaling] Cluster size autoscaling [Slow] shouldn&#39;t increase cluster size if pending pod is too large [Feature:ClusterSizeAutoscalingScaleUp]" classname="Kubernetes e2e suite" time="0">
          <skipped></skipped>
      </testcase>
      <testcase name="[sig-apps] ReplicationController should serve a basic image on each replica with a public image [Conformance]" classname="Kubernetes e2e suite" time="16.173064177"></testcase>
      <testcase name="[sig-network] Proxy version v1 should proxy to cadvisor using proxy subresource" classname="Kubernetes e2e suite" time="0">
          <skipped></skipped>
      </testcase>
      <testcase name="[sig-scheduling] SchedulerPredicates [Serial] validates that required NodeAffinity setting is respected if matching" classname="Kubernetes e2e suite" time="0">
          <skipped></skipped>
      </testcase>
      <testcase name="[sig-storage] vSphere Storage policy support for dynamic provisioning verify VSAN storage capability with valid hostFailuresToTolerate and cacheReservation values is honored for dynamically provisioned pvc using storageclass" classname="Kubernetes e2e suite" time="0">
          <skipped></skipped>
      </testcase>
      <testcase name="[k8s.io] ResourceQuota should create a ResourceQuota and capture the life of a service." classname="Kubernetes e2e suite" time="0">
          <skipped></skipped>
      </testcase>
      <testcase name="[sig-instrumentation] Cluster level logging implemented by Stackdriver should ingest logs" classname="Kubernetes e2e suite" time="0">
          <skipped></skipped>
      </testcase>
[...]
      <testcase name="[sig-storage] PersistentVolumes:vsphere should test that a file written to the vspehre volume mount before kubelet restart can be read after restart [Disruptive]" classname="Kubernetes e2e suite" time="0">
          <skipped></skipped>
      </testcase>
      <testcase name="[sig-scalability] Density [Feature:ManualPerformance] should allow starting 30 pods per node using {extensions Deployment} with 2 secrets, 0 configmaps and 0 daemons" classname="Kubernetes e2e suite" time="0">
          <skipped></skipped>
      </testcase>
      <testcase name="[sig-storage] EmptyDir wrapper volumes should not cause race condition when used for configmaps [Serial] [Slow]" classname="Kubernetes e2e suite" time="0">
          <skipped></skipped>
      </testcase>
      <testcase name="[sig-instrumentation] MetricsGrabber should grab all metrics from a Kubelet." classname="Kubernetes e2e suite" time="0">
          <skipped></skipped>
      </testcase>
      <testcase name="[sig-apps] DisruptionController evictions: enough pods, absolute =&gt; should allow an eviction" classname="Kubernetes e2e suite" time="0">
          <skipped></skipped>
      </testcase>
      <testcase name="[sig-autoscaling] Cluster size autoscaling [Slow] should increase cluster size if pod requesting EmptyDir volume is pending [Feature:ClusterSizeAutoscalingScaleUp]" classname="Kubernetes e2e suite" time="0">
          <skipped></skipped>
      </testcase>
      <testcase name="[sig-apps] StatefulSet [k8s.io] Deploy clustered applications [Feature:StatefulSet] [Slow] should creating a working zookeeper cluster" classname="Kubernetes e2e suite" time="0">
          <skipped></skipped>
      </testcase>
      <testcase name="[sig-apps] Daemon set [Serial] Should not update pod when spec was updated and update strategy is OnDelete" classname="Kubernetes e2e suite" time="0">
          <skipped></skipped>
      </testcase>
      <testcase name="[sig-storage] Volume plugin streaming [Slow] Ceph-RBD [Feature:Volumes] should write files of various sizes, verify size, validate content" classname="Kubernetes e2e suite" time="0">
          <skipped></skipped>
      </testcase>
      <testcase name="[k8s.io] [Feature:Example] [k8s.io] CassandraStatefulSet should create statefulset" classname="Kubernetes e2e suite" time="0">
          <skipped></skipped>
      </testcase>
      <testcase name="[sig-cli] Kubectl client [k8s.io] Proxy server should support proxy with --port 0 [Conformance]" classname="Kubernetes e2e suite" time="0">
          <skipped></skipped>
      </testcase>
      <testcase name="[sig-apps] Daemon set [Serial] should run and stop simple daemon" classname="Kubernetes e2e suite" time="0">
          <skipped></skipped>
      </testcase>
      <testcase name="[sig-apps] CronJob should replace jobs when ReplaceConcurrent" classname="Kubernetes e2e suite" time="0">
          <skipped></skipped>
      </testcase>
      <testcase name="[k8s.io] Upgrade [Feature:Upgrade] [k8s.io] Federation Control Plane upgrade should maintain a functioning federation [Feature:FCPUpgrade]" classname="Kubernetes e2e suite" time="0">
          <skipped></skipped>
      </testcase>
      <testcase name="[sig-autoscaling] Cluster size autoscaling [Slow] Shouldn&#39;t perform scale up operation and should list unhealthy status if most of the cluster is broken[Feature:ClusterSizeAutoscalingScaleUp]" classname="Kubernetes e2e suite" time="0">
          <skipped></skipped>
      </testcase>
      <testcase name="[sig-apps] Job should run a job to completion when tasks sometimes fail and are locally restarted" classname="Kubernetes e2e suite" time="0">
          <skipped></skipped>
      </testcase>
      <testcase name="[sig-storage] Volumes NFS should be mountable" classname="Kubernetes e2e suite" time="0">
          <skipped></skipped>
      </testcase>
      <testcase name="[k8s.io] Projected should be consumable from pods in volume with defaultMode set [Conformance] [sig-storage]" classname="Kubernetes e2e suite" time="8.177919102"></testcase>
      <testcase name="[sig-storage] PersistentVolumes[Disruptive][Flaky] when kubelet restarts Should test that a volume mounted to a pod that is deleted while the kubelet is down unmounts when the kubelet returns." classname="Kubernetes e2e suite" time="0">
          <skipped></skipped>
      </testcase>
      <testcase name="[sig-cluster-lifecycle] Nodes [Disruptive] Resize [Slow] should be able to add nodes" classname="Kubernetes e2e suite" time="0">
          <skipped></skipped>
      </testcase>
      <testcase name="[k8s.io] Pods should be updated [Conformance]" classname="Kubernetes e2e suite" time="24.666591529"></testcase>
      <testcase name="[k8s.io] HostPath should support r/w [sig-storage]" classname="Kubernetes e2e suite" time="0">
          <skipped></skipped>
      </testcase>
      <testcase name="[sig-storage] PersistentVolumes:vsphere should test that deleting a PVC before the pod does not cause pod deletion to fail on vsphere volume detach" classname="Kubernetes e2e suite" time="0">
          <skipped></skipped>
      </testcase>
      <testcase name="[sig-network] Services should use same NodePort with same port but different protocols" classname="Kubernetes e2e suite" time="0">
          <skipped></skipped>
      </testcase>
      <testcase name="[sig-apps] Deployment scaled rollout deployment should not block on annotation check" classname="Kubernetes e2e suite" time="0">
          <skipped></skipped>
      </testcase>
      <testcase name="[sig-apps] DisruptionController should update PodDisruptionBudget status" classname="Kubernetes e2e suite" time="0">
          <skipped></skipped>
      </testcase>
      <testcase name="[k8s.io] EmptyDir volumes volume on tmpfs should have the correct mode [Conformance] [sig-storage]" classname="Kubernetes e2e suite" time="8.162035865"></testcase>
      <testcase name="[sig-apps] Daemon set [Serial] Should update pod when spec was updated and update strategy is RollingUpdate" classname="Kubernetes e2e suite" time="0">
          <skipped></skipped>
      </testcase>
      <testcase name="[sig-network] Networking Granular Checks: Services [Slow] should function for endpoint-Service: udp" classname="Kubernetes e2e suite" time="0">
          <skipped></skipped>
      </testcase>
      <testcase name="[k8s.io] [sig-node] Security Context [Feature:SecurityContext] should support pod.Spec.SecurityContext.SupplementalGroups" classname="Kubernetes e2e suite" time="0">
          <skipped></skipped>
      </testcase>
      <testcase name="[k8s.io] Federated types [Feature:Federation][Experimental]  Federated &#34;deployment&#34; resources should be created, read, updated and deleted successfully" classname="Kubernetes e2e suite" time="0">
          <skipped></skipped>
      </testcase>
      <testcase name="[sig-cluster-lifecycle] Reboot [Disruptive] [Feature:Reboot] each node by ordering unclean reboot and ensure they function upon restart" classname="Kubernetes e2e suite" time="0">
          <skipped></skipped>
      </testcase>
      <testcase name="[sig-cluster-lifecycle] Reboot [Disruptive] [Feature:Reboot] each node by switching off the network interface and ensure they function upon switch on" classname="Kubernetes e2e suite" time="0">
          <skipped></skipped>
      </testcase>
      <testcase name="[sig-scheduling] Opaque resources [Feature:OpaqueResources] should schedule pods that do consume opaque integer resources." classname="Kubernetes e2e suite" time="0">
          <skipped></skipped>
      </testcase>
      <testcase name="[sig-scheduling] Opaque resources [Feature:OpaqueResources] should account opaque integer resources in pods with multiple containers." classname="Kubernetes e2e suite" time="0">
          <skipped></skipped>
      </testcase>
      <testcase name="[sig-autoscaling] Cluster size autoscaling [Slow] should be able to scale down when rescheduling a pod is required and pdb allows for it[Feature:ClusterSizeAutoscalingScaleDown]" classname="Kubernetes e2e suite" time="0">
          <skipped></skipped>
      </testcase>
      <testcase name="[sig-api-machinery] Garbage collector should delete RS created by deployment when not orphaning" classname="Kubernetes e2e suite" time="0">
          <skipped></skipped>
      </testcase>
      <testcase name="[sig-network] Networking Granular Checks: Pods should function for node-pod communication: http [Conformance]" classname="Kubernetes e2e suite" time="44.438179669"></testcase>
      <testcase name="[sig-scheduling] Opaque resources [Feature:OpaqueResources] should schedule pods that initially do not fit after enough opaque integer resources are freed." classname="Kubernetes e2e suite" time="0">
          <skipped></skipped>
      </testcase>
      <testcase name="[k8s.io] Downward API volume should update labels on modification [Conformance] [sig-storage]" classname="Kubernetes e2e suite" time="28.724491935"></testcase>
      <testcase name="[sig-scalability] Density [Feature:ManualPerformance] should allow starting 30 pods per node using { ReplicationController} with 0 secrets, 0 configmaps and 2 daemons" classname="Kubernetes e2e suite" time="0">
          <skipped></skipped>
      </testcase>
      <testcase name="[sig-autoscaling] [HPA] Horizontal pod autoscaling (scale resource: CPU) [sig-autoscaling] [Serial] [Slow] Deployment Should scale from 5 pods to 3 pods and from 3 to 1" classname="Kubernetes e2e suite" time="0">
          <skipped></skipped>
      </testcase>
      <testcase name="[sig-auth] ServiceAccounts should ensure a single API token exists" classname="Kubernetes e2e suite" time="0">
          <skipped></skipped>
      </testcase>
      <testcase name="[k8s.io] EmptyDir volumes should support (non-root,0777,default) [Conformance] [sig-storage]" classname="Kubernetes e2e suite" time="8.200821831"></testcase>
      <testcase name="[sig-cluster-lifecycle] kube-proxy migration [Feature:KubeProxyDaemonSetMigration] Downgrade kube-proxy from a DaemonSet to static pods should maintain a functioning cluster [Feature:KubeProxyDaemonSetDowngrade]" classname="Kubernetes e2e suite" time="0">
          <skipped></skipped>
      </testcase>
      <testcase name="[sig-storage] vsphere volume operations storm should create pod with many volumes and verify no attach call fails" classname="Kubernetes e2e suite" time="0">
          <skipped></skipped>
      </testcase>
      <testcase name="[sig-api-machinery] Aggregator Should be able to support the 1.7 Sample API Server using the current Aggregator" classname="Kubernetes e2e suite" time="0">
          <skipped></skipped>
      </testcase>
      <testcase name="[sig-apps] Deployment deployment should support rollover" classname="Kubernetes e2e suite" time="0">
          <skipped></skipped>
      </testcase>
      <testcase name="[k8s.io] Downward API volume should set DefaultMode on files [Conformance] [sig-storage]" classname="Kubernetes e2e suite" time="8.245769124"></testcase>
      <testcase name="[sig-scalability] Load capacity [Feature:ManualPerformance] should be able to handle 30 pods per node { Random} with 0 secrets, 0 configmaps and 0 daemons" classname="Kubernetes e2e suite" time="0">
          <skipped></skipped>
      </testcase>
      <testcase name="[sig-cluster-lifecycle] Restart [Disruptive] should restart all nodes and ensure all nodes and pods recover" classname="Kubernetes e2e suite" time="0">
          <skipped></skipped>
      </testcase>
      <testcase name="[k8s.io] Federated ReplicaSet [Feature:Federation] Features Preferences should create replicasets with max replicas preference" classname="Kubernetes e2e suite" time="0">
          <skipped></skipped>
      </testcase>
      <testcase name="[sig-network] Services should prevent NodePort collisions" classname="Kubernetes e2e suite" time="0">
          <skipped></skipped>
      </testcase>
      <testcase name="[k8s.io] Downward API should provide container&#39;s limits.cpu/memory and requests.cpu/memory as env vars [Conformance]" classname="Kubernetes e2e suite" time="10.185568649"></testcase>
      <testcase name="[sig-instrumentation] Cluster level logging implemented by Stackdriver [Feature:StackdriverLogging] [Soak] should ingest logs from applications running for a prolonged amount of time" classname="Kubernetes e2e suite" time="0">
          <skipped></skipped>
      </testcase>
      <testcase name="[sig-autoscaling] Cluster size autoscaling [Slow] should correctly scale down after a node is not needed [Feature:ClusterSizeAutoscalingScaleDown]" classname="Kubernetes e2e suite" time="0">
          <skipped></skipped>
      </testcase>
      <testcase name="[sig-network] Services should release NodePorts on delete" classname="Kubernetes e2e suite" time="0">
          <skipped></skipped>
      </testcase>
      <testcase name="[sig-api-machinery] Namespaces [Serial] should always delete fast (ALL of 100 namespaces in 150 seconds) [Feature:ComprehensiveNamespaceDraining]" classname="Kubernetes e2e suite" time="0">
          <skipped></skipped>
      </testcase>
      <testcase name="[k8s.io] Probing container with readiness probe that fails should never be ready and never restart [Conformance]" classname="Kubernetes e2e suite" time="82.145327064"></testcase>
      <testcase name="[sig-cli] Kubectl client [k8s.io] Kubectl replace should update a single-container pod&#39;s image [Conformance]" classname="Kubernetes e2e suite" time="0">
          <skipped></skipped>
      </testcase>
      <testcase name="[sig-cli] Kubectl client [k8s.io] Simple pod should support exec through kubectl proxy" classname="Kubernetes e2e suite" time="0">
          <skipped></skipped>
      </testcase>
      <testcase name="[sig-api-machinery] Namespaces [Serial] should delete fast enough (90 percent of 100 namespaces in 150 seconds)" classname="Kubernetes e2e suite" time="0">
          <skipped></skipped>
      </testcase>
      <testcase name="[k8s.io] EmptyDir volumes should support (root,0666,tmpfs) [Conformance] [sig-storage]" classname="Kubernetes e2e suite" time="8.231759999"></testcase>
      <testcase name="[k8s.io] Secrets should be consumable from pods in volume with defaultMode set [Conformance] [sig-storage]" classname="Kubernetes e2e suite" time="8.239805947"></testcase>
      <testcase name="[k8s.io] EquivalenceCache [Serial] validates pod anti-affinity works properly when new replica pod is scheduled" classname="Kubernetes e2e suite" time="0">
          <skipped></skipped>
      </testcase>
      <testcase name="[sig-autoscaling] DNS horizontal autoscaling kube-dns-autoscaler should scale kube-dns pods in both nonfaulty and faulty scenarios" classname="Kubernetes e2e suite" time="0">
          <skipped></skipped>
      </testcase>
      <testcase name="[k8s.io] [Feature:Example] [k8s.io] Downward API should create a pod that prints his name and namespace" classname="Kubernetes e2e suite" time="0">
          <skipped></skipped>
      </testcase>
      <testcase name="[sig-storage] Pod Disks should schedule a pod w/ a readonly PD on two hosts, then remove both ungracefully. [Slow]" classname="Kubernetes e2e suite" time="0">
          <skipped></skipped>
      </testcase>
      <testcase name="[sig-cli] Kubectl client [k8s.io] Kubectl taint [Serial] should update the taint on a node" classname="Kubernetes e2e suite" time="0">
          <skipped></skipped>
      </testcase>
      <testcase name="[sig-cli] Kubectl client [k8s.io] Update Demo should do a rolling update of a replication controller [Conformance]" classname="Kubernetes e2e suite" time="0">
          <skipped></skipped>
      </testcase>
      <testcase name="[k8s.io] [Feature:Example] [k8s.io] Storm should create and stop Zookeeper, Nimbus and Storm worker servers" classname="Kubernetes e2e suite" time="0">
          <skipped></skipped>
      </testcase>
      <testcase name="[sig-cluster-lifecycle] [Feature:BootstrapTokens] should delete the signed bootstrap tokens from clusterInfo ConfigMap when bootstrap token is deleted" classname="Kubernetes e2e suite" time="0">
          <skipped></skipped>
      </testcase>
      <testcase name="[k8s.io] Projected should set mode on item file [Conformance] [sig-storage]" classname="Kubernetes e2e suite" time="8.240256605"></testcase>
      <testcase name="[sig-network] Proxy version v1 should proxy logs on node with explicit kubelet port [Conformance]" classname="Kubernetes e2e suite" time="6.186875709"></testcase>
      <testcase name="[sig-cli] Kubectl client [k8s.io] Kubectl run rc should create an rc from an image [Conformance]" classname="Kubernetes e2e suite" time="0">
          <skipped></skipped>
      </testcase>
      <testcase name="[sig-apps] ReplicationController should release no longer matching pods" classname="Kubernetes e2e suite" time="0">
          <skipped></skipped>
      </testcase>
      <testcase name="[sig-cli] Kubectl client [k8s.io] Kubectl run pod should create a pod from an image when restart is Never [Conformance]" classname="Kubernetes e2e suite" time="0">
          <skipped></skipped>
      </testcase>
      <testcase name="[k8s.io] Federation jobs [Feature:Federation] Federated Job should not be deleted from underlying clusters when OrphanDependents is nil" classname="Kubernetes e2e suite" time="0">
          <skipped></skipped>
      </testcase>
      <testcase name="[sig-apps] Daemon set [Serial] Should rollback without unnecessary restarts" classname="Kubernetes e2e suite" time="0">
          <skipped></skipped>
      </testcase>
      <testcase name="[sig-storage] PersistentVolumes-local [Feature:LocalPersistentVolumes] [Serial] when one pod requests one prebound PVC should be able to mount volume and read from pod1" classname="Kubernetes e2e suite" time="0">
          <skipped></skipped>
      </testcase>
      <testcase name="[k8s.io] [sig-node] Kubelet [Serial] [Slow] [k8s.io] [sig-node] regular resource usage tracking resource tracking for 100 pods per node" classname="Kubernetes e2e suite" time="0">
          <skipped></skipped>
      </testcase>
      <testcase name="[sig-autoscaling] Cluster size autoscaling [Slow] shouldn&#39;t trigger additional scale-ups during processing scale-up [Feature:ClusterSizeAutoscalingScaleUp]" classname="Kubernetes e2e suite" time="0">
          <skipped></skipped>
      </testcase>
      <testcase name="[k8s.io] Projected should be consumable from pods in volume with defaultMode set [Conformance] [sig-storage]" classname="Kubernetes e2e suite" time="8.239497563"></testcase>
      <testcase name="[k8s.io] ConfigMap should be consumable from pods in volume with mappings as non-root [Conformance] [sig-storage]" classname="Kubernetes e2e suite" time="8.188507814"></testcase>
      <testcase name="[sig-apps] DisruptionController evictions: maxUnavailable allow single eviction, percentage =&gt; should allow an eviction" classname="Kubernetes e2e suite" time="0">
          <skipped></skipped>
      </testcase>
      <testcase name="[k8s.io] EmptyDir volumes when FSGroup is specified [Feature:FSGroup] files with FSGroup ownership should support (root,0644,tmpfs) [sig-storage]" classname="Kubernetes e2e suite" time="0">
          <skipped></skipped>
      </testcase>
      <testcase name="[k8s.io] [Feature:Federation] Federation API server authentication [NoCluster] should accept cluster resources when the client has token authentication credentials" classname="Kubernetes e2e suite" time="0">
          <skipped></skipped>
      </testcase>
      <testcase name="[sig-scheduling] SchedulerPriorities [Serial] Pod should avoid to schedule to node that have avoidPod annotation" classname="Kubernetes e2e suite" time="0">
          <skipped></skipped>
      </testcase>
  </testsuite>